08:44:29.099 [restartedMain] INFO  c.l.g.GraduationProjectApplication - Starting GraduationProjectApplication on DESKTOP-9B1D50O with PID 3516 (C:\Users\liusm\Desktop\luoxd\graduationProject\target\classes started by liusm in C:\Users\liusm\Desktop\luoxd\graduationProject)
08:44:29.101 [restartedMain] INFO  c.l.g.GraduationProjectApplication - The following profiles are active: dev
08:44:29.186 [restartedMain] INFO  o.s.b.d.e.DevToolsPropertyDefaultsPostProcessor - Devtools property defaults active! Set 'spring.devtools.add-properties' to 'false' to disable
08:44:29.186 [restartedMain] INFO  o.s.b.d.e.DevToolsPropertyDefaultsPostProcessor - For additional web related logging consider setting the 'logging.level.web' property to 'DEBUG'
08:44:30.410 [restartedMain] INFO  o.s.b.w.e.tomcat.TomcatWebServer - Tomcat initialized with port(s): 8281 (http)
08:44:30.419 [restartedMain] INFO  o.a.coyote.http11.Http11NioProtocol - Initializing ProtocolHandler ["http-nio-8281"]
08:44:30.419 [restartedMain] INFO  o.a.catalina.core.StandardService - Starting service [Tomcat]
08:44:30.420 [restartedMain] INFO  o.a.catalina.core.StandardEngine - Starting Servlet engine: [Apache Tomcat/9.0.29]
08:44:30.510 [restartedMain] INFO  o.a.c.c.C.[Tomcat].[localhost].[/] - Initializing Spring embedded WebApplicationContext
08:44:30.511 [restartedMain] INFO  o.s.web.context.ContextLoader - Root WebApplicationContext: initialization completed in 1325 ms
08:44:31.040 [restartedMain] INFO  o.s.s.c.ThreadPoolTaskExecutor - Initializing ExecutorService 'applicationTaskExecutor'
08:44:31.099 [restartedMain] INFO  o.s.b.a.w.s.WelcomePageHandlerMapping - Adding welcome page: class path resource [static/index.html]
08:44:31.273 [restartedMain] INFO  o.s.b.d.a.OptionalLiveReloadServer - LiveReload server is running on port 35729
08:44:31.300 [restartedMain] INFO  o.a.coyote.http11.Http11NioProtocol - Starting ProtocolHandler ["http-nio-8281"]
08:44:31.338 [restartedMain] INFO  o.s.b.w.e.tomcat.TomcatWebServer - Tomcat started on port(s): 8281 (http) with context path ''
08:44:31.340 [restartedMain] INFO  c.l.g.GraduationProjectApplication - Started GraduationProjectApplication in 2.715 seconds (JVM running for 4.449)
08:44:44.475 [http-nio-8281-exec-1] INFO  o.a.c.c.C.[Tomcat].[localhost].[/] - Initializing Spring DispatcherServlet 'dispatcherServlet'
08:44:44.476 [http-nio-8281-exec-1] INFO  o.s.web.servlet.DispatcherServlet - Initializing Servlet 'dispatcherServlet'
08:44:44.481 [http-nio-8281-exec-1] INFO  o.s.web.servlet.DispatcherServlet - Completed initialization in 5 ms
08:44:44.821 [http-nio-8281-exec-9] INFO  com.zaxxer.hikari.HikariDataSource - HikariPool-1 - Starting...
08:44:44.823 [http-nio-8281-exec-9] WARN  c.z.hikari.util.DriverDataSource - Registered driver with driverClassName=com.mysql.jdbc.Driver was not found, trying direct instantiation.
08:44:45.040 [http-nio-8281-exec-9] INFO  com.zaxxer.hikari.HikariDataSource - HikariPool-1 - Start completed.
11:27:38.543 [restartedMain] INFO  c.l.g.GraduationProjectApplication - Starting GraduationProjectApplication on DESKTOP-9B1D50O with PID 12792 (C:\Users\liusm\Desktop\luoxd\graduationProject\target\classes started by liusm in C:\Users\liusm\Desktop\luoxd\graduationProject)
11:27:38.546 [restartedMain] INFO  c.l.g.GraduationProjectApplication - The following profiles are active: dev
11:27:38.626 [restartedMain] INFO  o.s.b.d.e.DevToolsPropertyDefaultsPostProcessor - Devtools property defaults active! Set 'spring.devtools.add-properties' to 'false' to disable
11:27:38.626 [restartedMain] INFO  o.s.b.d.e.DevToolsPropertyDefaultsPostProcessor - For additional web related logging consider setting the 'logging.level.web' property to 'DEBUG'
11:27:39.761 [restartedMain] INFO  o.s.b.w.e.tomcat.TomcatWebServer - Tomcat initialized with port(s): 8281 (http)
11:27:39.772 [restartedMain] INFO  o.a.coyote.http11.Http11NioProtocol - Initializing ProtocolHandler ["http-nio-8281"]
11:27:39.772 [restartedMain] INFO  o.a.catalina.core.StandardService - Starting service [Tomcat]
11:27:39.772 [restartedMain] INFO  o.a.catalina.core.StandardEngine - Starting Servlet engine: [Apache Tomcat/9.0.29]
11:27:39.876 [restartedMain] INFO  o.a.c.c.C.[Tomcat].[localhost].[/] - Initializing Spring embedded WebApplicationContext
11:27:39.876 [restartedMain] INFO  o.s.web.context.ContextLoader - Root WebApplicationContext: initialization completed in 1250 ms
11:27:40.344 [restartedMain] INFO  o.s.s.c.ThreadPoolTaskExecutor - Initializing ExecutorService 'applicationTaskExecutor'
11:27:40.392 [restartedMain] INFO  o.s.b.a.w.s.WelcomePageHandlerMapping - Adding welcome page: class path resource [static/index.html]
11:27:40.550 [restartedMain] INFO  o.s.b.d.a.OptionalLiveReloadServer - LiveReload server is running on port 35729
11:27:40.576 [restartedMain] INFO  o.a.coyote.http11.Http11NioProtocol - Starting ProtocolHandler ["http-nio-8281"]
11:27:40.611 [restartedMain] INFO  o.s.b.w.e.tomcat.TomcatWebServer - Tomcat started on port(s): 8281 (http) with context path ''
11:27:40.613 [restartedMain] INFO  c.l.g.GraduationProjectApplication - Started GraduationProjectApplication in 2.629 seconds (JVM running for 3.604)
11:27:55.039 [http-nio-8281-exec-1] INFO  o.a.c.c.C.[Tomcat].[localhost].[/] - Initializing Spring DispatcherServlet 'dispatcherServlet'
11:27:55.040 [http-nio-8281-exec-1] INFO  o.s.web.servlet.DispatcherServlet - Initializing Servlet 'dispatcherServlet'
11:27:55.046 [http-nio-8281-exec-1] INFO  o.s.web.servlet.DispatcherServlet - Completed initialization in 4 ms
11:27:55.311 [http-nio-8281-exec-8] INFO  com.zaxxer.hikari.HikariDataSource - HikariPool-1 - Starting...
11:27:55.315 [http-nio-8281-exec-8] WARN  c.z.hikari.util.DriverDataSource - Registered driver with driverClassName=com.mysql.jdbc.Driver was not found, trying direct instantiation.
11:27:55.470 [http-nio-8281-exec-8] INFO  com.zaxxer.hikari.HikariDataSource - HikariPool-1 - Start completed.
16:42:50.306 [main] INFO  c.l.graduation_project.PaChongTest - Starting PaChongTest on DESKTOP-9B1D50O with PID 16596 (started by liusm in C:\Users\liusm\Desktop\luoxd\graduationProject)
16:42:50.307 [main] INFO  c.l.graduation_project.PaChongTest - The following profiles are active: dev
16:42:52.991 [main] INFO  o.s.b.w.e.tomcat.TomcatWebServer - Tomcat initialized with port(s): 0 (http)
16:42:53.005 [main] INFO  o.a.coyote.http11.Http11NioProtocol - Initializing ProtocolHandler ["http-nio-auto-1"]
16:42:53.009 [main] INFO  o.a.catalina.core.StandardService - Starting service [Tomcat]
16:42:53.010 [main] INFO  o.a.catalina.core.StandardEngine - Starting Servlet engine: [Apache Tomcat/9.0.29]
16:42:53.244 [main] INFO  o.a.c.c.C.[Tomcat].[localhost].[/] - Initializing Spring embedded WebApplicationContext
16:42:53.244 [main] INFO  o.s.web.context.ContextLoader - Root WebApplicationContext: initialization completed in 2909 ms
16:42:55.031 [main] INFO  o.s.s.c.ThreadPoolTaskExecutor - Initializing ExecutorService 'applicationTaskExecutor'
16:42:55.338 [main] INFO  o.s.b.a.w.s.WelcomePageHandlerMapping - Adding welcome page: class path resource [static/index.html]
16:42:57.046 [main] INFO  o.a.coyote.http11.Http11NioProtocol - Starting ProtocolHandler ["http-nio-auto-1"]
16:42:57.100 [main] INFO  o.s.b.w.e.tomcat.TomcatWebServer - Tomcat started on port(s): 62226 (http) with context path ''
16:42:57.108 [main] INFO  c.l.graduation_project.PaChongTest - Started PaChongTest in 7.278 seconds (JVM running for 8.864)
16:42:59.149 [SpringContextShutdownHook] INFO  o.s.s.c.ThreadPoolTaskExecutor - Shutting down ExecutorService 'applicationTaskExecutor'
16:44:23.266 [main] INFO  c.l.graduation_project.PaChongTest - Starting PaChongTest on DESKTOP-9B1D50O with PID 18252 (started by liusm in C:\Users\liusm\Desktop\luoxd\graduationProject)
16:44:23.267 [main] INFO  c.l.graduation_project.PaChongTest - The following profiles are active: dev
16:44:25.560 [main] INFO  o.s.b.w.e.tomcat.TomcatWebServer - Tomcat initialized with port(s): 0 (http)
16:44:25.572 [main] INFO  o.a.coyote.http11.Http11NioProtocol - Initializing ProtocolHandler ["http-nio-auto-1"]
16:44:25.573 [main] INFO  o.a.catalina.core.StandardService - Starting service [Tomcat]
16:44:25.573 [main] INFO  o.a.catalina.core.StandardEngine - Starting Servlet engine: [Apache Tomcat/9.0.29]
16:44:25.715 [main] INFO  o.a.c.c.C.[Tomcat].[localhost].[/] - Initializing Spring embedded WebApplicationContext
16:44:25.715 [main] INFO  o.s.web.context.ContextLoader - Root WebApplicationContext: initialization completed in 2423 ms
16:44:26.343 [main] INFO  o.s.s.c.ThreadPoolTaskExecutor - Initializing ExecutorService 'applicationTaskExecutor'
16:44:26.448 [main] INFO  o.s.b.a.w.s.WelcomePageHandlerMapping - Adding welcome page: class path resource [static/index.html]
16:44:27.245 [main] INFO  o.a.coyote.http11.Http11NioProtocol - Starting ProtocolHandler ["http-nio-auto-1"]
16:44:27.288 [main] INFO  o.s.b.w.e.tomcat.TomcatWebServer - Tomcat started on port(s): 62262 (http) with context path ''
16:44:27.293 [main] INFO  c.l.graduation_project.PaChongTest - Started PaChongTest in 4.497 seconds (JVM running for 5.776)
16:44:29.163 [SpringContextShutdownHook] INFO  o.s.s.c.ThreadPoolTaskExecutor - Shutting down ExecutorService 'applicationTaskExecutor'
16:46:43.869 [Thread-12] INFO  o.s.s.c.ThreadPoolTaskExecutor - Shutting down ExecutorService 'applicationTaskExecutor'
16:46:43.878 [Thread-12] INFO  com.zaxxer.hikari.HikariDataSource - HikariPool-1 - Shutdown initiated...
16:46:43.885 [Thread-12] INFO  com.zaxxer.hikari.HikariDataSource - HikariPool-1 - Shutdown completed.
16:46:44.284 [restartedMain] INFO  c.l.g.GraduationProjectApplication - Starting GraduationProjectApplication on DESKTOP-9B1D50O with PID 12792 (C:\Users\liusm\Desktop\luoxd\graduationProject\target\classes started by liusm in C:\Users\liusm\Desktop\luoxd\graduationProject)
16:46:44.284 [restartedMain] INFO  c.l.g.GraduationProjectApplication - The following profiles are active: dev
16:46:44.682 [restartedMain] WARN  o.a.tomcat.util.modeler.Registry - The MBean registry cannot be disabled because it has already been initialised
16:46:44.804 [restartedMain] INFO  o.s.b.w.e.tomcat.TomcatWebServer - Tomcat initialized with port(s): 8281 (http)
16:46:44.805 [restartedMain] INFO  o.a.coyote.http11.Http11NioProtocol - Initializing ProtocolHandler ["http-nio-8281"]
16:46:44.805 [restartedMain] INFO  o.a.catalina.core.StandardService - Starting service [Tomcat]
16:46:44.805 [restartedMain] INFO  o.a.catalina.core.StandardEngine - Starting Servlet engine: [Apache Tomcat/9.0.29]
16:46:44.835 [restartedMain] INFO  o.a.c.c.C.[Tomcat].[localhost].[/] - Initializing Spring embedded WebApplicationContext
16:46:44.835 [restartedMain] INFO  o.s.web.context.ContextLoader - Root WebApplicationContext: initialization completed in 547 ms
16:46:44.856 [restartedMain] WARN  o.s.b.w.s.c.AnnotationConfigServletWebServerApplicationContext - Exception encountered during context initialization - cancelling refresh attempt: org.springframework.beans.factory.UnsatisfiedDependencyException: Error creating bean with name 'classesServiceImpl': Unsatisfied dependency expressed through field 'classesMapper'; nested exception is org.springframework.beans.factory.NoSuchBeanDefinitionException: No qualifying bean of type 'com.luoxd.graduation_project.mapper.ClassesMapper' available: expected at least 1 bean which qualifies as autowire candidate. Dependency annotations: {@org.springframework.beans.factory.annotation.Autowired(required=true)}
16:46:44.858 [restartedMain] INFO  o.a.catalina.core.StandardService - Stopping service [Tomcat]
16:46:44.874 [restartedMain] INFO  o.s.b.a.l.ConditionEvaluationReportLoggingListener - 

Error starting ApplicationContext. To display the conditions report re-run your application with 'debug' enabled.
16:46:45.024 [restartedMain] ERROR o.s.b.d.LoggingFailureAnalysisReporter - 

***************************
APPLICATION FAILED TO START
***************************

Description:

Field classesMapper in com.luoxd.graduation_project.service.impl.ClassesServiceImpl required a bean of type 'com.luoxd.graduation_project.mapper.ClassesMapper' that could not be found.

The injection point has the following annotations:
	- @org.springframework.beans.factory.annotation.Autowired(required=true)


Action:

Consider defining a bean of type 'com.luoxd.graduation_project.mapper.ClassesMapper' in your configuration.

16:46:48.854 [main] INFO  c.l.graduation_project.PaChongTest - Starting PaChongTest on DESKTOP-9B1D50O with PID 12688 (started by liusm in C:\Users\liusm\Desktop\luoxd\graduationProject)
16:46:48.855 [main] INFO  c.l.graduation_project.PaChongTest - The following profiles are active: dev
16:46:51.168 [main] INFO  o.s.b.w.e.tomcat.TomcatWebServer - Tomcat initialized with port(s): 0 (http)
16:46:51.179 [main] INFO  o.a.coyote.http11.Http11NioProtocol - Initializing ProtocolHandler ["http-nio-auto-1"]
16:46:51.181 [main] INFO  o.a.catalina.core.StandardService - Starting service [Tomcat]
16:46:51.181 [main] INFO  o.a.catalina.core.StandardEngine - Starting Servlet engine: [Apache Tomcat/9.0.29]
16:46:51.339 [main] INFO  o.a.c.c.C.[Tomcat].[localhost].[/] - Initializing Spring embedded WebApplicationContext
16:46:51.339 [main] INFO  o.s.web.context.ContextLoader - Root WebApplicationContext: initialization completed in 2458 ms
16:46:51.984 [main] INFO  o.s.s.c.ThreadPoolTaskExecutor - Initializing ExecutorService 'applicationTaskExecutor'
16:46:52.092 [main] INFO  o.s.b.a.w.s.WelcomePageHandlerMapping - Adding welcome page: class path resource [static/index.html]
16:46:52.866 [main] INFO  o.a.coyote.http11.Http11NioProtocol - Starting ProtocolHandler ["http-nio-auto-1"]
16:46:52.912 [main] INFO  o.s.b.w.e.tomcat.TomcatWebServer - Tomcat started on port(s): 62301 (http) with context path ''
16:46:52.915 [main] INFO  c.l.graduation_project.PaChongTest - Started PaChongTest in 4.755 seconds (JVM running for 6.14)
16:46:54.774 [main] INFO  com.zaxxer.hikari.HikariDataSource - HikariPool-1 - Starting...
16:46:54.781 [main] WARN  c.z.hikari.util.DriverDataSource - Registered driver with driverClassName=com.mysql.jdbc.Driver was not found, trying direct instantiation.
16:46:54.949 [main] INFO  com.zaxxer.hikari.HikariDataSource - HikariPool-1 - Start completed.
16:46:55.243 [SpringContextShutdownHook] INFO  o.s.s.c.ThreadPoolTaskExecutor - Shutting down ExecutorService 'applicationTaskExecutor'
16:46:55.246 [SpringContextShutdownHook] INFO  com.zaxxer.hikari.HikariDataSource - HikariPool-1 - Shutdown initiated...
16:46:55.257 [SpringContextShutdownHook] INFO  com.zaxxer.hikari.HikariDataSource - HikariPool-1 - Shutdown completed.
16:47:42.850 [restartedMain] INFO  c.l.g.GraduationProjectApplication - Starting GraduationProjectApplication on DESKTOP-9B1D50O with PID 12428 (C:\Users\liusm\Desktop\luoxd\graduationProject\target\classes started by liusm in C:\Users\liusm\Desktop\luoxd\graduationProject)
16:47:42.857 [restartedMain] INFO  c.l.g.GraduationProjectApplication - The following profiles are active: dev
16:47:42.900 [restartedMain] INFO  o.s.b.d.e.DevToolsPropertyDefaultsPostProcessor - Devtools property defaults active! Set 'spring.devtools.add-properties' to 'false' to disable
16:47:42.901 [restartedMain] INFO  o.s.b.d.e.DevToolsPropertyDefaultsPostProcessor - For additional web related logging consider setting the 'logging.level.web' property to 'DEBUG'
16:47:44.066 [restartedMain] INFO  o.s.b.w.e.tomcat.TomcatWebServer - Tomcat initialized with port(s): 8281 (http)
16:47:44.074 [restartedMain] INFO  o.a.coyote.http11.Http11NioProtocol - Initializing ProtocolHandler ["http-nio-8281"]
16:47:44.075 [restartedMain] INFO  o.a.catalina.core.StandardService - Starting service [Tomcat]
16:47:44.075 [restartedMain] INFO  o.a.catalina.core.StandardEngine - Starting Servlet engine: [Apache Tomcat/9.0.29]
16:47:44.163 [restartedMain] INFO  o.a.c.c.C.[Tomcat].[localhost].[/] - Initializing Spring embedded WebApplicationContext
16:47:44.163 [restartedMain] INFO  o.s.web.context.ContextLoader - Root WebApplicationContext: initialization completed in 1262 ms
16:47:44.607 [restartedMain] INFO  o.s.s.c.ThreadPoolTaskExecutor - Initializing ExecutorService 'applicationTaskExecutor'
16:47:44.674 [restartedMain] INFO  o.s.b.a.w.s.WelcomePageHandlerMapping - Adding welcome page: class path resource [static/index.html]
16:47:44.942 [restartedMain] INFO  o.s.b.d.a.OptionalLiveReloadServer - LiveReload server is running on port 35729
16:47:44.982 [restartedMain] INFO  o.a.coyote.http11.Http11NioProtocol - Starting ProtocolHandler ["http-nio-8281"]
16:47:45.053 [restartedMain] INFO  o.s.b.w.e.tomcat.TomcatWebServer - Tomcat started on port(s): 8281 (http) with context path ''
16:47:45.057 [restartedMain] INFO  c.l.g.GraduationProjectApplication - Started GraduationProjectApplication in 2.969 seconds (JVM running for 3.843)
16:48:19.231 [http-nio-8281-exec-1] INFO  o.a.c.c.C.[Tomcat].[localhost].[/] - Initializing Spring DispatcherServlet 'dispatcherServlet'
16:48:19.233 [http-nio-8281-exec-1] INFO  o.s.web.servlet.DispatcherServlet - Initializing Servlet 'dispatcherServlet'
16:48:19.248 [http-nio-8281-exec-1] INFO  o.s.web.servlet.DispatcherServlet - Completed initialization in 10 ms
16:48:19.438 [http-nio-8281-exec-8] INFO  com.zaxxer.hikari.HikariDataSource - HikariPool-1 - Starting...
16:48:19.441 [http-nio-8281-exec-8] WARN  c.z.hikari.util.DriverDataSource - Registered driver with driverClassName=com.mysql.jdbc.Driver was not found, trying direct instantiation.
16:48:19.639 [http-nio-8281-exec-8] INFO  com.zaxxer.hikari.HikariDataSource - HikariPool-1 - Start completed.
