11:55:00.655 [restartedMain] INFO  c.l.g.GraduationProjectApplication - Starting GraduationProjectApplication on Hasee-PC with PID 8492 (started by Administrator in C:\Users\Administrator\Desktop\作业\毕业设计\graduationProject2)
11:55:00.660 [restartedMain] INFO  c.l.g.GraduationProjectApplication - No active profile set, falling back to default profiles: default
11:55:00.757 [restartedMain] INFO  o.s.b.d.e.DevToolsPropertyDefaultsPostProcessor - Devtools property defaults active! Set 'spring.devtools.add-properties' to 'false' to disable
11:55:00.758 [restartedMain] INFO  o.s.b.d.e.DevToolsPropertyDefaultsPostProcessor - For additional web related logging consider setting the 'logging.level.web' property to 'DEBUG'
11:55:03.988 [restartedMain] INFO  o.s.b.w.e.tomcat.TomcatWebServer - Tomcat initialized with port(s): 8281 (http)
11:55:04.023 [restartedMain] INFO  o.a.coyote.http11.Http11NioProtocol - Initializing ProtocolHandler ["http-nio-8281"]
11:55:04.025 [restartedMain] INFO  o.a.catalina.core.StandardService - Starting service [Tomcat]
11:55:04.025 [restartedMain] INFO  o.a.catalina.core.StandardEngine - Starting Servlet engine: [Apache Tomcat/9.0.29]
11:55:04.399 [restartedMain] INFO  o.a.c.c.C.[Tomcat].[localhost].[/] - Initializing Spring embedded WebApplicationContext
11:55:04.399 [restartedMain] INFO  o.s.web.context.ContextLoader - Root WebApplicationContext: initialization completed in 3640 ms
11:55:06.012 [restartedMain] INFO  o.s.s.c.ThreadPoolTaskExecutor - Initializing ExecutorService 'applicationTaskExecutor'
11:55:06.120 [restartedMain] INFO  o.s.b.a.w.s.WelcomePageHandlerMapping - Adding welcome page: class path resource [static/index.html]
11:55:06.462 [restartedMain] INFO  o.s.b.d.a.OptionalLiveReloadServer - LiveReload server is running on port 35729
11:55:06.593 [restartedMain] INFO  o.a.coyote.http11.Http11NioProtocol - Starting ProtocolHandler ["http-nio-8281"]
11:55:06.645 [restartedMain] INFO  o.s.b.w.e.tomcat.TomcatWebServer - Tomcat started on port(s): 8281 (http) with context path ''
11:55:06.652 [restartedMain] INFO  c.l.g.GraduationProjectApplication - Started GraduationProjectApplication in 8.265 seconds (JVM running for 13.379)
11:55:30.694 [http-nio-8281-exec-1] INFO  o.a.c.c.C.[Tomcat].[localhost].[/] - Initializing Spring DispatcherServlet 'dispatcherServlet'
11:55:30.706 [http-nio-8281-exec-1] INFO  o.s.web.servlet.DispatcherServlet - Initializing Servlet 'dispatcherServlet'
11:55:30.783 [http-nio-8281-exec-1] INFO  o.s.web.servlet.DispatcherServlet - Completed initialization in 76 ms
11:55:37.430 [http-nio-8281-exec-6] INFO  com.zaxxer.hikari.HikariDataSource - HikariPool-1 - Starting...
11:55:37.574 [http-nio-8281-exec-6] WARN  c.z.hikari.util.DriverDataSource - Registered driver with driverClassName=com.mysql.jdbc.Driver was not found, trying direct instantiation.
11:55:41.894 [http-nio-8281-exec-6] INFO  com.zaxxer.hikari.HikariDataSource - HikariPool-1 - Start completed.
15:45:16.274 [restartedMain] INFO  c.l.g.GraduationProjectApplication - Starting GraduationProjectApplication on Hasee-PC with PID 7048 (started by Administrator in C:\Users\Administrator\Desktop\作业\毕业设计\graduationProject2)
15:45:16.279 [restartedMain] INFO  c.l.g.GraduationProjectApplication - No active profile set, falling back to default profiles: default
15:45:16.451 [restartedMain] INFO  o.s.b.d.e.DevToolsPropertyDefaultsPostProcessor - Devtools property defaults active! Set 'spring.devtools.add-properties' to 'false' to disable
15:45:16.452 [restartedMain] INFO  o.s.b.d.e.DevToolsPropertyDefaultsPostProcessor - For additional web related logging consider setting the 'logging.level.web' property to 'DEBUG'
15:45:18.200 [restartedMain] INFO  o.s.b.w.e.tomcat.TomcatWebServer - Tomcat initialized with port(s): 8281 (http)
15:45:18.216 [restartedMain] INFO  o.a.coyote.http11.Http11NioProtocol - Initializing ProtocolHandler ["http-nio-8281"]
15:45:18.217 [restartedMain] INFO  o.a.catalina.core.StandardService - Starting service [Tomcat]
15:45:18.217 [restartedMain] INFO  o.a.catalina.core.StandardEngine - Starting Servlet engine: [Apache Tomcat/9.0.29]
15:45:18.357 [restartedMain] INFO  o.a.c.c.C.[Tomcat].[localhost].[/] - Initializing Spring embedded WebApplicationContext
15:45:18.358 [restartedMain] INFO  o.s.web.context.ContextLoader - Root WebApplicationContext: initialization completed in 1906 ms
15:45:18.913 [restartedMain] INFO  o.s.s.c.ThreadPoolTaskExecutor - Initializing ExecutorService 'applicationTaskExecutor'
15:45:19.062 [restartedMain] INFO  o.s.b.a.w.s.WelcomePageHandlerMapping - Adding welcome page: class path resource [static/index.html]
15:45:19.329 [restartedMain] INFO  o.s.b.d.a.OptionalLiveReloadServer - LiveReload server is running on port 35729
15:45:19.369 [restartedMain] INFO  o.a.coyote.http11.Http11NioProtocol - Starting ProtocolHandler ["http-nio-8281"]
15:45:19.394 [restartedMain] INFO  o.s.b.w.e.tomcat.TomcatWebServer - Tomcat started on port(s): 8281 (http) with context path ''
15:45:19.397 [restartedMain] INFO  c.l.g.GraduationProjectApplication - Started GraduationProjectApplication in 4.181 seconds (JVM running for 6.97)
15:45:36.905 [http-nio-8281-exec-1] INFO  o.a.c.c.C.[Tomcat].[localhost].[/] - Initializing Spring DispatcherServlet 'dispatcherServlet'
15:45:36.906 [http-nio-8281-exec-1] INFO  o.s.web.servlet.DispatcherServlet - Initializing Servlet 'dispatcherServlet'
15:45:36.915 [http-nio-8281-exec-1] INFO  o.s.web.servlet.DispatcherServlet - Completed initialization in 8 ms
15:45:37.260 [http-nio-8281-exec-8] INFO  com.zaxxer.hikari.HikariDataSource - HikariPool-1 - Starting...
15:45:37.263 [http-nio-8281-exec-8] WARN  c.z.hikari.util.DriverDataSource - Registered driver with driverClassName=com.mysql.jdbc.Driver was not found, trying direct instantiation.
15:45:37.431 [http-nio-8281-exec-8] INFO  com.zaxxer.hikari.HikariDataSource - HikariPool-1 - Start completed.
