15:01:47.584 [restartedMain] INFO  c.l.g.GraduationProjectApplication - Starting GraduationProjectApplication on Hasee-PC with PID 10908 (started by Administrator in C:\Users\Administrator\Desktop\作业\毕业设计\graduationProject2)
15:01:47.589 [restartedMain] INFO  c.l.g.GraduationProjectApplication - No active profile set, falling back to default profiles: default
15:01:47.739 [restartedMain] INFO  o.s.b.d.e.DevToolsPropertyDefaultsPostProcessor - Devtools property defaults active! Set 'spring.devtools.add-properties' to 'false' to disable
15:01:47.740 [restartedMain] INFO  o.s.b.d.e.DevToolsPropertyDefaultsPostProcessor - For additional web related logging consider setting the 'logging.level.web' property to 'DEBUG'
15:01:49.356 [restartedMain] INFO  o.s.b.w.e.tomcat.TomcatWebServer - Tomcat initialized with port(s): 8281 (http)
15:01:49.371 [restartedMain] INFO  o.a.coyote.http11.Http11NioProtocol - Initializing ProtocolHandler ["http-nio-8281"]
15:01:49.372 [restartedMain] INFO  o.a.catalina.core.StandardService - Starting service [Tomcat]
15:01:49.372 [restartedMain] INFO  o.a.catalina.core.StandardEngine - Starting Servlet engine: [Apache Tomcat/9.0.29]
15:01:49.510 [restartedMain] INFO  o.a.c.c.C.[Tomcat].[localhost].[/] - Initializing Spring embedded WebApplicationContext
15:01:49.510 [restartedMain] INFO  o.s.web.context.ContextLoader - Root WebApplicationContext: initialization completed in 1770 ms
15:01:50.251 [restartedMain] INFO  o.s.s.c.ThreadPoolTaskExecutor - Initializing ExecutorService 'applicationTaskExecutor'
15:01:50.325 [restartedMain] INFO  o.s.b.a.w.s.WelcomePageHandlerMapping - Adding welcome page: class path resource [static/index.html]
15:01:50.663 [restartedMain] INFO  o.s.b.d.a.OptionalLiveReloadServer - LiveReload server is running on port 35729
15:01:50.703 [restartedMain] INFO  o.a.coyote.http11.Http11NioProtocol - Starting ProtocolHandler ["http-nio-8281"]
15:01:50.726 [restartedMain] INFO  o.s.b.w.e.tomcat.TomcatWebServer - Tomcat started on port(s): 8281 (http) with context path ''
15:01:50.728 [restartedMain] INFO  c.l.g.GraduationProjectApplication - Started GraduationProjectApplication in 4.288 seconds (JVM running for 8.306)
15:02:29.934 [http-nio-8281-exec-1] INFO  o.a.c.c.C.[Tomcat].[localhost].[/] - Initializing Spring DispatcherServlet 'dispatcherServlet'
15:02:29.935 [http-nio-8281-exec-1] INFO  o.s.web.servlet.DispatcherServlet - Initializing Servlet 'dispatcherServlet'
15:02:29.946 [http-nio-8281-exec-1] INFO  o.s.web.servlet.DispatcherServlet - Completed initialization in 10 ms
15:02:34.982 [http-nio-8281-exec-1] INFO  c.l.g.web.UserController - ====username:123456,password:123456,id:js
15:02:35.020 [http-nio-8281-exec-1] INFO  com.zaxxer.hikari.HikariDataSource - HikariPool-1 - Starting...
15:02:35.024 [http-nio-8281-exec-1] WARN  c.z.hikari.util.DriverDataSource - Registered driver with driverClassName=com.mysql.jdbc.Driver was not found, trying direct instantiation.
15:02:35.289 [http-nio-8281-exec-1] INFO  com.zaxxer.hikari.HikariDataSource - HikariPool-1 - Start completed.
15:05:33.191 [restartedMain] INFO  c.l.g.GraduationProjectApplication - Starting GraduationProjectApplication on Hasee-PC with PID 10876 (started by Administrator in C:\Users\Administrator\Desktop\作业\毕业设计\graduationProject2)
15:05:33.199 [restartedMain] INFO  c.l.g.GraduationProjectApplication - No active profile set, falling back to default profiles: default
15:05:33.555 [restartedMain] INFO  o.s.b.d.e.DevToolsPropertyDefaultsPostProcessor - Devtools property defaults active! Set 'spring.devtools.add-properties' to 'false' to disable
15:05:33.555 [restartedMain] INFO  o.s.b.d.e.DevToolsPropertyDefaultsPostProcessor - For additional web related logging consider setting the 'logging.level.web' property to 'DEBUG'
15:05:35.653 [restartedMain] INFO  o.s.b.w.e.tomcat.TomcatWebServer - Tomcat initialized with port(s): 8281 (http)
15:05:35.666 [restartedMain] INFO  o.a.coyote.http11.Http11NioProtocol - Initializing ProtocolHandler ["http-nio-8281"]
15:05:35.666 [restartedMain] INFO  o.a.catalina.core.StandardService - Starting service [Tomcat]
15:05:35.667 [restartedMain] INFO  o.a.catalina.core.StandardEngine - Starting Servlet engine: [Apache Tomcat/9.0.29]
15:05:35.811 [restartedMain] INFO  o.a.c.c.C.[Tomcat].[localhost].[/] - Initializing Spring embedded WebApplicationContext
15:05:35.811 [restartedMain] INFO  o.s.web.context.ContextLoader - Root WebApplicationContext: initialization completed in 2255 ms
15:05:36.414 [restartedMain] INFO  o.s.s.c.ThreadPoolTaskExecutor - Initializing ExecutorService 'applicationTaskExecutor'
15:05:36.477 [restartedMain] INFO  o.s.b.a.w.s.WelcomePageHandlerMapping - Adding welcome page: class path resource [static/index.html]
15:05:36.805 [restartedMain] INFO  o.s.b.d.a.OptionalLiveReloadServer - LiveReload server is running on port 35729
15:05:36.855 [restartedMain] INFO  o.a.coyote.http11.Http11NioProtocol - Starting ProtocolHandler ["http-nio-8281"]
15:05:36.884 [restartedMain] INFO  o.s.b.w.e.tomcat.TomcatWebServer - Tomcat started on port(s): 8281 (http) with context path ''
15:05:36.888 [restartedMain] INFO  c.l.g.GraduationProjectApplication - Started GraduationProjectApplication in 4.615 seconds (JVM running for 7.038)
15:05:51.168 [http-nio-8281-exec-1] INFO  o.a.c.c.C.[Tomcat].[localhost].[/] - Initializing Spring DispatcherServlet 'dispatcherServlet'
15:05:51.169 [http-nio-8281-exec-1] INFO  o.s.web.servlet.DispatcherServlet - Initializing Servlet 'dispatcherServlet'
15:05:51.184 [http-nio-8281-exec-1] INFO  o.s.web.servlet.DispatcherServlet - Completed initialization in 14 ms
15:05:52.108 [http-nio-8281-exec-10] INFO  com.zaxxer.hikari.HikariDataSource - HikariPool-1 - Starting...
15:05:52.111 [http-nio-8281-exec-10] WARN  c.z.hikari.util.DriverDataSource - Registered driver with driverClassName=com.mysql.jdbc.Driver was not found, trying direct instantiation.
15:05:52.297 [http-nio-8281-exec-10] INFO  com.zaxxer.hikari.HikariDataSource - HikariPool-1 - Start completed.
15:05:57.595 [http-nio-8281-exec-1] INFO  c.l.g.web.UserController - ====username:123456,password:123456,id:js
15:06:22.980 [http-nio-8281-exec-10] INFO  c.l.g.web.JobController - SearchRequest(jobId=null, keyword=null, jobClassesId=2, jobClassesName=Java, expCondition=null, eduCondition=null, salCondition=null, finanCondition=null, sizeCondition=null, postDateCondition=null, indexPage=null, totalPage=null, start=null)
15:06:23.146 [http-nio-8281-exec-10] INFO  c.l.g.web.JobController - SearchRequest(jobId=null, keyword=null, jobClassesId=2, jobClassesName=Java, expCondition=null, eduCondition=null, salCondition=null, finanCondition=null, sizeCondition=null, postDateCondition=null, indexPage=1, totalPage=2, start=0)
15:06:23.158 [http-nio-8281-exec-10] INFO  c.l.g.service.impl.JobServiceImpl - ===jobList:[Job(jobId=5, jobName=Java, jobDetail=工作职责：<br/>
1.负责集团内部相关web系统的软件开发的工作；<br/>
2.配合相关的需求分析师了解业务需求并设计技术解决方案；<br/>
3.独立编写项目开发过程中的项目文档；
4. 开发和维护系统平台与框架，发现和解决存在的技术问题，保证系统的性能和稳定性；
任职要求：<br/>
1.计算机类、信息系统类相关专业；<br/>
2.熟悉Java常见web开发框架，如Spring、Mybatis；<br/>
3.熟悉常见数据Oracle、MySQL的开发；<br/>
4.熟悉Spring Boot,Spring Cloud等微服务框架的开发；<br/>
其它福利待遇：<br/>
1. 年底双薪，旅游补贴，提供有竞争力的季度奖；<br/>
2. 免费提供五星级的一日三餐和公寓住宿；<br/>
3. 免费班车接送；<br/>
4. 公司有自己的幼儿园，解决员工子女上学问题；<br/>, expCondition=4, eduCondition=5, salary=15000, reCompanyId=2, tag=微服务框架,web开发框架,Spring Cloud,熟悉Spirng, recruiterId=5, reRealname=王先生, reCompanyPosition=web后台开发工程师, workCity=广州, workAddress=广州黄埔区CVTE第一产业园, postDate=2020-04-12, jobClassesId=2, jobClassesName=null, companyName=视睿科技, companyHeadImg=abc84928faa2a8042e0c2da644949261.jpg, industry=智能硬件, finanCondition=7, sizeCondition=5, companyTags=交通补助,年终奖,零食下午茶,补充医疗保险,通讯补助), Job(jobId=6, jobName=java实习生, jobDetail=【部门介绍】﻿
我们是阿里国际化中台事业部,全球化是阿里巴巴经济体的核心战略之一,也是阿里商业操作系统的重要组成部分。

在阿里有很多的国际化战场,包括东南亚电商Lazada,以及全球卖的速卖通AliExpress,同时还有Daraz等众多电商市场。未来通过中台的能力建设,帮助业务和业务之间更好的互通,实现技术研发的网络与规模效应,收敛国际化业务核心系统链路,确保核心链路的稳定,性能和体验,通过中台更快,更好的支持国际新业务接入以及国内业务出海。

我们的业务遍布全球各个角落,我们的系统涉及到电商的所有核心链路:交易,商品,商家,还有国际的支付,国际的物流,我们的团队有各个办公地点,各个国家的小伙伴,我们的市场和业务之间通过中台的力量也会产生更多的化学反应。﻿﻿﻿

我们的远方是星辰大海,但是我们遇到的挑战也非常巨大,相比较国内成熟的电商环境,友善的政策支持和完善的基础设施,国际化中各个国家的政策,国际化的物流,国际化的支付,海量的用户,全球的时区,语言的障碍,都会对我们的产品和技术产生重大的挑战。 我们需要优秀的你一起加入,共建阿里的国际化中台!﻿﻿

【开放岗位】
java工程师、测试工程师、前端工程师、IOS/Android工程师﻿﻿

【工作地点】杭州or深圳

【岗位要求】
(1)本次招聘面向2020年11月——2021年10月毕业的同学,校招or实习都可以哦~﻿﻿
(2)有强的动手能力和学习能力,熟悉至少一门计算机语言,如JAVA、Python、C++等,熟悉unix或者linux操作系统。 ﻿﻿
(3)具备扎实的计算机专业背景,熟悉数据结构与算法,网络编程,多线程编程,数据库应用开发等。 
P.S. 没有工作经验和项目经验的同学们也不要担心哦,校招看重的是你的学习能力和未来的潜力!﻿﻿

【联系方式】﻿﻿
投递简历请发送到 *****-inc.com
微信: *****************﻿﻿
电话:***********﻿﻿
可直接内推!!!﻿﻿
有任何问题可随时微信or电话骚扰哦~

【写在最后】﻿﻿
If not you, who!﻿﻿﻿
If not now, when!﻿﻿, expCondition=2, eduCondition=5, salary=4000, reCompanyId=3, tag=分布式技术,后端开发,多线程编程,java工程师, recruiterId=6, reRealname=罗先生, reCompanyPosition=开发工程师, workCity=广州, workAddress=广州越秀区阿里巴巴(中国)网络技术有限公司广州分公司, postDate=2020-04-12, jobClassesId=2, jobClassesName=null, companyName=阿里巴巴集团, companyHeadImg=cff98890aeac18b0f4dee3577d92d543be1bd4a3bd2a63f070bdbdada9aad826.jpg, industry=互联网, finanCondition=8, sizeCondition=6, companyTags=五险一金,保险,定期体检,节日福利,年终奖,股票期权)]
15:06:25.399 [http-nio-8281-exec-1] INFO  c.l.g.web.JobController - in========5
15:06:25.405 [http-nio-8281-exec-1] INFO  c.l.g.service.impl.JobServiceImpl - ===jobList:[Job(jobId=5, jobName=Java, jobDetail=工作职责：<br/>
1.负责集团内部相关web系统的软件开发的工作；<br/>
2.配合相关的需求分析师了解业务需求并设计技术解决方案；<br/>
3.独立编写项目开发过程中的项目文档；
4. 开发和维护系统平台与框架，发现和解决存在的技术问题，保证系统的性能和稳定性；
任职要求：<br/>
1.计算机类、信息系统类相关专业；<br/>
2.熟悉Java常见web开发框架，如Spring、Mybatis；<br/>
3.熟悉常见数据Oracle、MySQL的开发；<br/>
4.熟悉Spring Boot,Spring Cloud等微服务框架的开发；<br/>
其它福利待遇：<br/>
1. 年底双薪，旅游补贴，提供有竞争力的季度奖；<br/>
2. 免费提供五星级的一日三餐和公寓住宿；<br/>
3. 免费班车接送；<br/>
4. 公司有自己的幼儿园，解决员工子女上学问题；<br/>, expCondition=4, eduCondition=5, salary=15000, reCompanyId=2, tag=微服务框架,web开发框架,Spring Cloud,熟悉Spirng, recruiterId=5, reRealname=王先生, reCompanyPosition=web后台开发工程师, workCity=广州, workAddress=广州黄埔区CVTE第一产业园, postDate=2020-04-12, jobClassesId=2, jobClassesName=null, companyName=视睿科技, companyHeadImg=abc84928faa2a8042e0c2da644949261.jpg, industry=智能硬件, finanCondition=7, sizeCondition=5, companyTags=交通补助,年终奖,零食下午茶,补充医疗保险,通讯补助)]
15:06:25.406 [http-nio-8281-exec-1] INFO  c.l.g.web.JobController - ==========JobResponse(jobId=5, jobName=Java, jobDetail=工作职责：<br/>
1.负责集团内部相关web系统的软件开发的工作；<br/>
2.配合相关的需求分析师了解业务需求并设计技术解决方案；<br/>
3.独立编写项目开发过程中的项目文档；
4. 开发和维护系统平台与框架，发现和解决存在的技术问题，保证系统的性能和稳定性；
任职要求：<br/>
1.计算机类、信息系统类相关专业；<br/>
2.熟悉Java常见web开发框架，如Spring、Mybatis；<br/>
3.熟悉常见数据Oracle、MySQL的开发；<br/>
4.熟悉Spring Boot,Spring Cloud等微服务框架的开发；<br/>
其它福利待遇：<br/>
1. 年底双薪，旅游补贴，提供有竞争力的季度奖；<br/>
2. 免费提供五星级的一日三餐和公寓住宿；<br/>
3. 免费班车接送；<br/>
4. 公司有自己的幼儿园，解决员工子女上学问题；<br/>, expCondition=null, expConditionStr=1-3年, eduCondition=null, eduConditionStr=本科, salary=15000, reCompanyId=2, tagsStr=null, tags=[微服务框架, web开发框架, Spring Cloud, 熟悉Spirng], recruiterId=5, reRealname=王先生, reCompanyPosition=web后台开发工程师, workCity=广州, workAddress=广州黄埔区CVTE第一产业园, postDate=2020-04-12, jobClassesId=2, jobClassesName=null, companyName=视睿科技, companyHeadImg=abc84928faa2a8042e0c2da644949261.jpg, industry=智能硬件, finanConditionStr=已上市, sizeConditionStr=1000-9999人, companyTags=[交通补助, 年终奖, 零食下午茶, 补充医疗保险, 通讯补助], isCollected=0)
15:08:49.700 [http-nio-8281-exec-7] INFO  c.l.g.web.UserController - ====username:123456,password:123456,id:js
15:08:52.101 [http-nio-8281-exec-3] INFO  c.l.g.web.JobController - SearchRequest(jobId=null, keyword=null, jobClassesId=2, jobClassesName=Java, expCondition=null, eduCondition=null, salCondition=null, finanCondition=null, sizeCondition=null, postDateCondition=null, indexPage=null, totalPage=null, start=null)
15:08:52.107 [http-nio-8281-exec-3] INFO  c.l.g.web.JobController - SearchRequest(jobId=null, keyword=null, jobClassesId=2, jobClassesName=Java, expCondition=null, eduCondition=null, salCondition=null, finanCondition=null, sizeCondition=null, postDateCondition=null, indexPage=1, totalPage=2, start=0)
15:08:52.117 [http-nio-8281-exec-3] INFO  c.l.g.service.impl.JobServiceImpl - ===jobList:[Job(jobId=5, jobName=Java, jobDetail=工作职责：<br/>
1.负责集团内部相关web系统的软件开发的工作；<br/>
2.配合相关的需求分析师了解业务需求并设计技术解决方案；<br/>
3.独立编写项目开发过程中的项目文档；
4. 开发和维护系统平台与框架，发现和解决存在的技术问题，保证系统的性能和稳定性；
任职要求：<br/>
1.计算机类、信息系统类相关专业；<br/>
2.熟悉Java常见web开发框架，如Spring、Mybatis；<br/>
3.熟悉常见数据Oracle、MySQL的开发；<br/>
4.熟悉Spring Boot,Spring Cloud等微服务框架的开发；<br/>
其它福利待遇：<br/>
1. 年底双薪，旅游补贴，提供有竞争力的季度奖；<br/>
2. 免费提供五星级的一日三餐和公寓住宿；<br/>
3. 免费班车接送；<br/>
4. 公司有自己的幼儿园，解决员工子女上学问题；<br/>, expCondition=4, eduCondition=5, salary=15000, reCompanyId=2, tag=微服务框架,web开发框架,Spring Cloud,熟悉Spirng, recruiterId=5, reRealname=王先生, reCompanyPosition=web后台开发工程师, workCity=广州, workAddress=广州黄埔区CVTE第一产业园, postDate=2020-04-12, jobClassesId=2, jobClassesName=null, companyName=视睿科技, companyHeadImg=abc84928faa2a8042e0c2da644949261.jpg, industry=智能硬件, finanCondition=7, sizeCondition=5, companyTags=交通补助,年终奖,零食下午茶,补充医疗保险,通讯补助), Job(jobId=6, jobName=java实习生, jobDetail=【部门介绍】﻿
我们是阿里国际化中台事业部,全球化是阿里巴巴经济体的核心战略之一,也是阿里商业操作系统的重要组成部分。

在阿里有很多的国际化战场,包括东南亚电商Lazada,以及全球卖的速卖通AliExpress,同时还有Daraz等众多电商市场。未来通过中台的能力建设,帮助业务和业务之间更好的互通,实现技术研发的网络与规模效应,收敛国际化业务核心系统链路,确保核心链路的稳定,性能和体验,通过中台更快,更好的支持国际新业务接入以及国内业务出海。

我们的业务遍布全球各个角落,我们的系统涉及到电商的所有核心链路:交易,商品,商家,还有国际的支付,国际的物流,我们的团队有各个办公地点,各个国家的小伙伴,我们的市场和业务之间通过中台的力量也会产生更多的化学反应。﻿﻿﻿

我们的远方是星辰大海,但是我们遇到的挑战也非常巨大,相比较国内成熟的电商环境,友善的政策支持和完善的基础设施,国际化中各个国家的政策,国际化的物流,国际化的支付,海量的用户,全球的时区,语言的障碍,都会对我们的产品和技术产生重大的挑战。 我们需要优秀的你一起加入,共建阿里的国际化中台!﻿﻿

【开放岗位】
java工程师、测试工程师、前端工程师、IOS/Android工程师﻿﻿

【工作地点】杭州or深圳

【岗位要求】
(1)本次招聘面向2020年11月——2021年10月毕业的同学,校招or实习都可以哦~﻿﻿
(2)有强的动手能力和学习能力,熟悉至少一门计算机语言,如JAVA、Python、C++等,熟悉unix或者linux操作系统。 ﻿﻿
(3)具备扎实的计算机专业背景,熟悉数据结构与算法,网络编程,多线程编程,数据库应用开发等。 
P.S. 没有工作经验和项目经验的同学们也不要担心哦,校招看重的是你的学习能力和未来的潜力!﻿﻿

【联系方式】﻿﻿
投递简历请发送到 *****-inc.com
微信: *****************﻿﻿
电话:***********﻿﻿
可直接内推!!!﻿﻿
有任何问题可随时微信or电话骚扰哦~

【写在最后】﻿﻿
If not you, who!﻿﻿﻿
If not now, when!﻿﻿, expCondition=2, eduCondition=5, salary=4000, reCompanyId=3, tag=分布式技术,后端开发,多线程编程,java工程师, recruiterId=6, reRealname=罗先生, reCompanyPosition=开发工程师, workCity=广州, workAddress=广州越秀区阿里巴巴(中国)网络技术有限公司广州分公司, postDate=2020-04-12, jobClassesId=2, jobClassesName=null, companyName=阿里巴巴集团, companyHeadImg=cff98890aeac18b0f4dee3577d92d543be1bd4a3bd2a63f070bdbdada9aad826.jpg, industry=互联网, finanCondition=8, sizeCondition=6, companyTags=五险一金,保险,定期体检,节日福利,年终奖,股票期权)]
15:08:53.125 [http-nio-8281-exec-8] INFO  c.l.g.web.JobController - in========5
15:08:53.128 [http-nio-8281-exec-8] INFO  c.l.g.service.impl.JobServiceImpl - ===jobList:[Job(jobId=5, jobName=Java, jobDetail=工作职责：<br/>
1.负责集团内部相关web系统的软件开发的工作；<br/>
2.配合相关的需求分析师了解业务需求并设计技术解决方案；<br/>
3.独立编写项目开发过程中的项目文档；
4. 开发和维护系统平台与框架，发现和解决存在的技术问题，保证系统的性能和稳定性；
任职要求：<br/>
1.计算机类、信息系统类相关专业；<br/>
2.熟悉Java常见web开发框架，如Spring、Mybatis；<br/>
3.熟悉常见数据Oracle、MySQL的开发；<br/>
4.熟悉Spring Boot,Spring Cloud等微服务框架的开发；<br/>
其它福利待遇：<br/>
1. 年底双薪，旅游补贴，提供有竞争力的季度奖；<br/>
2. 免费提供五星级的一日三餐和公寓住宿；<br/>
3. 免费班车接送；<br/>
4. 公司有自己的幼儿园，解决员工子女上学问题；<br/>, expCondition=4, eduCondition=5, salary=15000, reCompanyId=2, tag=微服务框架,web开发框架,Spring Cloud,熟悉Spirng, recruiterId=5, reRealname=王先生, reCompanyPosition=web后台开发工程师, workCity=广州, workAddress=广州黄埔区CVTE第一产业园, postDate=2020-04-12, jobClassesId=2, jobClassesName=null, companyName=视睿科技, companyHeadImg=abc84928faa2a8042e0c2da644949261.jpg, industry=智能硬件, finanCondition=7, sizeCondition=5, companyTags=交通补助,年终奖,零食下午茶,补充医疗保险,通讯补助)]
15:08:53.129 [http-nio-8281-exec-8] INFO  c.l.g.web.JobController - ==========JobResponse(jobId=5, jobName=Java, jobDetail=工作职责：<br/>
1.负责集团内部相关web系统的软件开发的工作；<br/>
2.配合相关的需求分析师了解业务需求并设计技术解决方案；<br/>
3.独立编写项目开发过程中的项目文档；
4. 开发和维护系统平台与框架，发现和解决存在的技术问题，保证系统的性能和稳定性；
任职要求：<br/>
1.计算机类、信息系统类相关专业；<br/>
2.熟悉Java常见web开发框架，如Spring、Mybatis；<br/>
3.熟悉常见数据Oracle、MySQL的开发；<br/>
4.熟悉Spring Boot,Spring Cloud等微服务框架的开发；<br/>
其它福利待遇：<br/>
1. 年底双薪，旅游补贴，提供有竞争力的季度奖；<br/>
2. 免费提供五星级的一日三餐和公寓住宿；<br/>
3. 免费班车接送；<br/>
4. 公司有自己的幼儿园，解决员工子女上学问题；<br/>, expCondition=null, expConditionStr=1-3年, eduCondition=null, eduConditionStr=本科, salary=15000, reCompanyId=2, tagsStr=null, tags=[微服务框架, web开发框架, Spring Cloud, 熟悉Spirng], recruiterId=5, reRealname=王先生, reCompanyPosition=web后台开发工程师, workCity=广州, workAddress=广州黄埔区CVTE第一产业园, postDate=2020-04-12, jobClassesId=2, jobClassesName=null, companyName=视睿科技, companyHeadImg=abc84928faa2a8042e0c2da644949261.jpg, industry=智能硬件, finanConditionStr=已上市, sizeConditionStr=1000-9999人, companyTags=[交通补助, 年终奖, 零食下午茶, 补充医疗保险, 通讯补助], isCollected=1)
15:08:53.139 [http-nio-8281-exec-8] ERROR org.thymeleaf.TemplateEngine - [THYMELEAF][http-nio-8281-exec-8] Exception processing template "jobDetail": An error happened during template parsing (template: "class path resource [templates/jobDetail.html]")
org.thymeleaf.exceptions.TemplateInputException: An error happened during template parsing (template: "class path resource [templates/jobDetail.html]")
	at org.thymeleaf.templateparser.markup.AbstractMarkupTemplateParser.parse(AbstractMarkupTemplateParser.java:241)
	at org.thymeleaf.templateparser.markup.AbstractMarkupTemplateParser.parseStandalone(AbstractMarkupTemplateParser.java:100)
	at org.thymeleaf.engine.TemplateManager.parseAndProcess(TemplateManager.java:666)
	at org.thymeleaf.TemplateEngine.process(TemplateEngine.java:1098)
	at org.thymeleaf.TemplateEngine.process(TemplateEngine.java:1072)
	at org.thymeleaf.spring5.view.ThymeleafView.renderFragment(ThymeleafView.java:362)
	at org.thymeleaf.spring5.view.ThymeleafView.render(ThymeleafView.java:189)
	at org.springframework.web.servlet.DispatcherServlet.render(DispatcherServlet.java:1373)
	at org.springframework.web.servlet.DispatcherServlet.processDispatchResult(DispatcherServlet.java:1118)
	at org.springframework.web.servlet.DispatcherServlet.doDispatch(DispatcherServlet.java:1057)
	at org.springframework.web.servlet.DispatcherServlet.doService(DispatcherServlet.java:943)
	at org.springframework.web.servlet.FrameworkServlet.processRequest(FrameworkServlet.java:1006)
	at org.springframework.web.servlet.FrameworkServlet.doGet(FrameworkServlet.java:898)
	at javax.servlet.http.HttpServlet.service(HttpServlet.java:634)
	at org.springframework.web.servlet.FrameworkServlet.service(FrameworkServlet.java:883)
	at javax.servlet.http.HttpServlet.service(HttpServlet.java:741)
	at org.apache.catalina.core.ApplicationFilterChain.internalDoFilter(ApplicationFilterChain.java:231)
	at org.apache.catalina.core.ApplicationFilterChain.doFilter(ApplicationFilterChain.java:166)
	at org.apache.tomcat.websocket.server.WsFilter.doFilter(WsFilter.java:53)
	at org.apache.catalina.core.ApplicationFilterChain.internalDoFilter(ApplicationFilterChain.java:193)
	at org.apache.catalina.core.ApplicationFilterChain.doFilter(ApplicationFilterChain.java:166)
	at org.springframework.web.filter.RequestContextFilter.doFilterInternal(RequestContextFilter.java:100)
	at org.springframework.web.filter.OncePerRequestFilter.doFilter(OncePerRequestFilter.java:119)
	at org.apache.catalina.core.ApplicationFilterChain.internalDoFilter(ApplicationFilterChain.java:193)
	at org.apache.catalina.core.ApplicationFilterChain.doFilter(ApplicationFilterChain.java:166)
	at org.springframework.web.filter.FormContentFilter.doFilterInternal(FormContentFilter.java:93)
	at org.springframework.web.filter.OncePerRequestFilter.doFilter(OncePerRequestFilter.java:119)
	at org.apache.catalina.core.ApplicationFilterChain.internalDoFilter(ApplicationFilterChain.java:193)
	at org.apache.catalina.core.ApplicationFilterChain.doFilter(ApplicationFilterChain.java:166)
	at org.springframework.web.filter.CharacterEncodingFilter.doFilterInternal(CharacterEncodingFilter.java:201)
	at org.springframework.web.filter.OncePerRequestFilter.doFilter(OncePerRequestFilter.java:119)
	at org.apache.catalina.core.ApplicationFilterChain.internalDoFilter(ApplicationFilterChain.java:193)
	at org.apache.catalina.core.ApplicationFilterChain.doFilter(ApplicationFilterChain.java:166)
	at org.apache.catalina.core.StandardWrapperValve.invoke(StandardWrapperValve.java:202)
	at org.apache.catalina.core.StandardContextValve.invoke(StandardContextValve.java:96)
	at org.apache.catalina.authenticator.AuthenticatorBase.invoke(AuthenticatorBase.java:526)
	at org.apache.catalina.core.StandardHostValve.invoke(StandardHostValve.java:139)
	at org.apache.catalina.valves.ErrorReportValve.invoke(ErrorReportValve.java:92)
	at org.apache.catalina.core.StandardEngineValve.invoke(StandardEngineValve.java:74)
	at org.apache.catalina.connector.CoyoteAdapter.service(CoyoteAdapter.java:343)
	at org.apache.coyote.http11.Http11Processor.service(Http11Processor.java:367)
	at org.apache.coyote.AbstractProcessorLight.process(AbstractProcessorLight.java:65)
	at org.apache.coyote.AbstractProtocol$ConnectionHandler.process(AbstractProtocol.java:860)
	at org.apache.tomcat.util.net.NioEndpoint$SocketProcessor.doRun(NioEndpoint.java:1591)
	at org.apache.tomcat.util.net.SocketProcessorBase.run(SocketProcessorBase.java:49)
	at java.util.concurrent.ThreadPoolExecutor.runWorker(ThreadPoolExecutor.java:1142)
	at java.util.concurrent.ThreadPoolExecutor$Worker.run(ThreadPoolExecutor.java:617)
	at org.apache.tomcat.util.threads.TaskThread$WrappingRunnable.run(TaskThread.java:61)
	at java.lang.Thread.run(Thread.java:745)
Caused by: org.attoparser.ParseException: Could not parse as expression: "$session.userId" (template: "jobDetail" - line 101, col 83)
	at org.attoparser.MarkupParser.parseDocument(MarkupParser.java:393)
	at org.attoparser.MarkupParser.parse(MarkupParser.java:257)
	at org.thymeleaf.templateparser.markup.AbstractMarkupTemplateParser.parse(AbstractMarkupTemplateParser.java:230)
	... 48 common frames omitted
Caused by: org.thymeleaf.exceptions.TemplateProcessingException: Could not parse as expression: "$session.userId" (template: "jobDetail" - line 101, col 83)
	at org.thymeleaf.standard.expression.StandardExpressionParser.parseExpression(StandardExpressionParser.java:131)
	at org.thymeleaf.standard.expression.StandardExpressionParser.parseExpression(StandardExpressionParser.java:62)
	at org.thymeleaf.standard.expression.StandardExpressionParser.parseExpression(StandardExpressionParser.java:44)
	at org.thymeleaf.engine.EngineEventUtils.parseAttributeExpression(EngineEventUtils.java:220)
	at org.thymeleaf.engine.EngineEventUtils.computeAttributeExpression(EngineEventUtils.java:207)
	at org.thymeleaf.standard.processor.AbstractStandardExpressionAttributeTagProcessor.doProcess(AbstractStandardExpressionAttributeTagProcessor.java:125)
	at org.thymeleaf.processor.element.AbstractAttributeTagProcessor.doProcess(AbstractAttributeTagProcessor.java:74)
	at org.thymeleaf.processor.element.AbstractElementTagProcessor.process(AbstractElementTagProcessor.java:95)
	at org.thymeleaf.util.ProcessorConfigurationUtils$ElementTagProcessorWrapper.process(ProcessorConfigurationUtils.java:633)
	at org.thymeleaf.engine.ProcessorTemplateHandler.handleOpenElement(ProcessorTemplateHandler.java:1314)
	at org.thymeleaf.engine.OpenElementTag.beHandled(OpenElementTag.java:205)
	at org.thymeleaf.engine.TemplateModel.process(TemplateModel.java:136)
	at org.thymeleaf.engine.TemplateManager.process(TemplateManager.java:519)
	at org.thymeleaf.standard.processor.StandardDOMEventAttributeTagProcessor.doProcess(StandardDOMEventAttributeTagProcessor.java:230)
	at org.thymeleaf.processor.element.AbstractAttributeTagProcessor.doProcess(AbstractAttributeTagProcessor.java:74)
	at org.thymeleaf.processor.element.AbstractElementTagProcessor.process(AbstractElementTagProcessor.java:95)
	at org.thymeleaf.util.ProcessorConfigurationUtils$ElementTagProcessorWrapper.process(ProcessorConfigurationUtils.java:633)
	at org.thymeleaf.engine.ProcessorTemplateHandler.handleOpenElement(ProcessorTemplateHandler.java:1314)
	at org.thymeleaf.engine.TemplateHandlerAdapterMarkupHandler.handleOpenElementEnd(TemplateHandlerAdapterMarkupHandler.java:304)
	at org.thymeleaf.templateparser.markup.InlinedOutputExpressionMarkupHandler$InlineMarkupAdapterPreProcessorHandler.handleOpenElementEnd(InlinedOutputExpressionMarkupHandler.java:278)
	at org.thymeleaf.standard.inline.OutputExpressionInlinePreProcessorHandler.handleOpenElementEnd(OutputExpressionInlinePreProcessorHandler.java:186)
	at org.thymeleaf.templateparser.markup.InlinedOutputExpressionMarkupHandler.handleOpenElementEnd(InlinedOutputExpressionMarkupHandler.java:124)
	at org.attoparser.HtmlElement.handleOpenElementEnd(HtmlElement.java:109)
	at org.attoparser.HtmlMarkupHandler.handleOpenElementEnd(HtmlMarkupHandler.java:297)
	at org.attoparser.MarkupEventProcessorHandler.handleOpenElementEnd(MarkupEventProcessorHandler.java:402)
	at org.attoparser.ParsingElementMarkupUtil.parseOpenElement(ParsingElementMarkupUtil.java:159)
	at org.attoparser.MarkupParser.parseBuffer(MarkupParser.java:710)
	at org.attoparser.MarkupParser.parseDocument(MarkupParser.java:301)
	... 50 common frames omitted
15:08:53.143 [http-nio-8281-exec-8] ERROR o.a.c.c.C.[.[.[.[dispatcherServlet] - Servlet.service() for servlet [dispatcherServlet] in context with path [] threw exception [Request processing failed; nested exception is org.thymeleaf.exceptions.TemplateInputException: An error happened during template parsing (template: "class path resource [templates/jobDetail.html]")] with root cause
org.thymeleaf.exceptions.TemplateProcessingException: Could not parse as expression: "$session.userId" (template: "jobDetail" - line 101, col 83)
	at org.thymeleaf.standard.expression.StandardExpressionParser.parseExpression(StandardExpressionParser.java:131)
	at org.thymeleaf.standard.expression.StandardExpressionParser.parseExpression(StandardExpressionParser.java:62)
	at org.thymeleaf.standard.expression.StandardExpressionParser.parseExpression(StandardExpressionParser.java:44)
	at org.thymeleaf.engine.EngineEventUtils.parseAttributeExpression(EngineEventUtils.java:220)
	at org.thymeleaf.engine.EngineEventUtils.computeAttributeExpression(EngineEventUtils.java:207)
	at org.thymeleaf.standard.processor.AbstractStandardExpressionAttributeTagProcessor.doProcess(AbstractStandardExpressionAttributeTagProcessor.java:125)
	at org.thymeleaf.processor.element.AbstractAttributeTagProcessor.doProcess(AbstractAttributeTagProcessor.java:74)
	at org.thymeleaf.processor.element.AbstractElementTagProcessor.process(AbstractElementTagProcessor.java:95)
	at org.thymeleaf.util.ProcessorConfigurationUtils$ElementTagProcessorWrapper.process(ProcessorConfigurationUtils.java:633)
	at org.thymeleaf.engine.ProcessorTemplateHandler.handleOpenElement(ProcessorTemplateHandler.java:1314)
	at org.thymeleaf.engine.OpenElementTag.beHandled(OpenElementTag.java:205)
	at org.thymeleaf.engine.TemplateModel.process(TemplateModel.java:136)
	at org.thymeleaf.engine.TemplateManager.process(TemplateManager.java:519)
	at org.thymeleaf.standard.processor.StandardDOMEventAttributeTagProcessor.doProcess(StandardDOMEventAttributeTagProcessor.java:230)
	at org.thymeleaf.processor.element.AbstractAttributeTagProcessor.doProcess(AbstractAttributeTagProcessor.java:74)
	at org.thymeleaf.processor.element.AbstractElementTagProcessor.process(AbstractElementTagProcessor.java:95)
	at org.thymeleaf.util.ProcessorConfigurationUtils$ElementTagProcessorWrapper.process(ProcessorConfigurationUtils.java:633)
	at org.thymeleaf.engine.ProcessorTemplateHandler.handleOpenElement(ProcessorTemplateHandler.java:1314)
	at org.thymeleaf.engine.TemplateHandlerAdapterMarkupHandler.handleOpenElementEnd(TemplateHandlerAdapterMarkupHandler.java:304)
	at org.thymeleaf.templateparser.markup.InlinedOutputExpressionMarkupHandler$InlineMarkupAdapterPreProcessorHandler.handleOpenElementEnd(InlinedOutputExpressionMarkupHandler.java:278)
	at org.thymeleaf.standard.inline.OutputExpressionInlinePreProcessorHandler.handleOpenElementEnd(OutputExpressionInlinePreProcessorHandler.java:186)
	at org.thymeleaf.templateparser.markup.InlinedOutputExpressionMarkupHandler.handleOpenElementEnd(InlinedOutputExpressionMarkupHandler.java:124)
	at org.attoparser.HtmlElement.handleOpenElementEnd(HtmlElement.java:109)
	at org.attoparser.HtmlMarkupHandler.handleOpenElementEnd(HtmlMarkupHandler.java:297)
	at org.attoparser.MarkupEventProcessorHandler.handleOpenElementEnd(MarkupEventProcessorHandler.java:402)
	at org.attoparser.ParsingElementMarkupUtil.parseOpenElement(ParsingElementMarkupUtil.java:159)
	at org.attoparser.MarkupParser.parseBuffer(MarkupParser.java:710)
	at org.attoparser.MarkupParser.parseDocument(MarkupParser.java:301)
	at org.attoparser.MarkupParser.parse(MarkupParser.java:257)
	at org.thymeleaf.templateparser.markup.AbstractMarkupTemplateParser.parse(AbstractMarkupTemplateParser.java:230)
	at org.thymeleaf.templateparser.markup.AbstractMarkupTemplateParser.parseStandalone(AbstractMarkupTemplateParser.java:100)
	at org.thymeleaf.engine.TemplateManager.parseAndProcess(TemplateManager.java:666)
	at org.thymeleaf.TemplateEngine.process(TemplateEngine.java:1098)
	at org.thymeleaf.TemplateEngine.process(TemplateEngine.java:1072)
	at org.thymeleaf.spring5.view.ThymeleafView.renderFragment(ThymeleafView.java:362)
	at org.thymeleaf.spring5.view.ThymeleafView.render(ThymeleafView.java:189)
	at org.springframework.web.servlet.DispatcherServlet.render(DispatcherServlet.java:1373)
	at org.springframework.web.servlet.DispatcherServlet.processDispatchResult(DispatcherServlet.java:1118)
	at org.springframework.web.servlet.DispatcherServlet.doDispatch(DispatcherServlet.java:1057)
	at org.springframework.web.servlet.DispatcherServlet.doService(DispatcherServlet.java:943)
	at org.springframework.web.servlet.FrameworkServlet.processRequest(FrameworkServlet.java:1006)
	at org.springframework.web.servlet.FrameworkServlet.doGet(FrameworkServlet.java:898)
	at javax.servlet.http.HttpServlet.service(HttpServlet.java:634)
	at org.springframework.web.servlet.FrameworkServlet.service(FrameworkServlet.java:883)
	at javax.servlet.http.HttpServlet.service(HttpServlet.java:741)
	at org.apache.catalina.core.ApplicationFilterChain.internalDoFilter(ApplicationFilterChain.java:231)
	at org.apache.catalina.core.ApplicationFilterChain.doFilter(ApplicationFilterChain.java:166)
	at org.apache.tomcat.websocket.server.WsFilter.doFilter(WsFilter.java:53)
	at org.apache.catalina.core.ApplicationFilterChain.internalDoFilter(ApplicationFilterChain.java:193)
	at org.apache.catalina.core.ApplicationFilterChain.doFilter(ApplicationFilterChain.java:166)
	at org.springframework.web.filter.RequestContextFilter.doFilterInternal(RequestContextFilter.java:100)
	at org.springframework.web.filter.OncePerRequestFilter.doFilter(OncePerRequestFilter.java:119)
	at org.apache.catalina.core.ApplicationFilterChain.internalDoFilter(ApplicationFilterChain.java:193)
	at org.apache.catalina.core.ApplicationFilterChain.doFilter(ApplicationFilterChain.java:166)
	at org.springframework.web.filter.FormContentFilter.doFilterInternal(FormContentFilter.java:93)
	at org.springframework.web.filter.OncePerRequestFilter.doFilter(OncePerRequestFilter.java:119)
	at org.apache.catalina.core.ApplicationFilterChain.internalDoFilter(ApplicationFilterChain.java:193)
	at org.apache.catalina.core.ApplicationFilterChain.doFilter(ApplicationFilterChain.java:166)
	at org.springframework.web.filter.CharacterEncodingFilter.doFilterInternal(CharacterEncodingFilter.java:201)
	at org.springframework.web.filter.OncePerRequestFilter.doFilter(OncePerRequestFilter.java:119)
	at org.apache.catalina.core.ApplicationFilterChain.internalDoFilter(ApplicationFilterChain.java:193)
	at org.apache.catalina.core.ApplicationFilterChain.doFilter(ApplicationFilterChain.java:166)
	at org.apache.catalina.core.StandardWrapperValve.invoke(StandardWrapperValve.java:202)
	at org.apache.catalina.core.StandardContextValve.invoke(StandardContextValve.java:96)
	at org.apache.catalina.authenticator.AuthenticatorBase.invoke(AuthenticatorBase.java:526)
	at org.apache.catalina.core.StandardHostValve.invoke(StandardHostValve.java:139)
	at org.apache.catalina.valves.ErrorReportValve.invoke(ErrorReportValve.java:92)
	at org.apache.catalina.core.StandardEngineValve.invoke(StandardEngineValve.java:74)
	at org.apache.catalina.connector.CoyoteAdapter.service(CoyoteAdapter.java:343)
	at org.apache.coyote.http11.Http11Processor.service(Http11Processor.java:367)
	at org.apache.coyote.AbstractProcessorLight.process(AbstractProcessorLight.java:65)
	at org.apache.coyote.AbstractProtocol$ConnectionHandler.process(AbstractProtocol.java:860)
	at org.apache.tomcat.util.net.NioEndpoint$SocketProcessor.doRun(NioEndpoint.java:1591)
	at org.apache.tomcat.util.net.SocketProcessorBase.run(SocketProcessorBase.java:49)
	at java.util.concurrent.ThreadPoolExecutor.runWorker(ThreadPoolExecutor.java:1142)
	at java.util.concurrent.ThreadPoolExecutor$Worker.run(ThreadPoolExecutor.java:617)
	at org.apache.tomcat.util.threads.TaskThread$WrappingRunnable.run(TaskThread.java:61)
	at java.lang.Thread.run(Thread.java:745)
15:10:28.323 [http-nio-8281-exec-10] INFO  c.l.g.web.JobController - in========5
15:10:28.327 [http-nio-8281-exec-10] INFO  c.l.g.service.impl.JobServiceImpl - ===jobList:[Job(jobId=5, jobName=Java, jobDetail=工作职责：<br/>
1.负责集团内部相关web系统的软件开发的工作；<br/>
2.配合相关的需求分析师了解业务需求并设计技术解决方案；<br/>
3.独立编写项目开发过程中的项目文档；
4. 开发和维护系统平台与框架，发现和解决存在的技术问题，保证系统的性能和稳定性；
任职要求：<br/>
1.计算机类、信息系统类相关专业；<br/>
2.熟悉Java常见web开发框架，如Spring、Mybatis；<br/>
3.熟悉常见数据Oracle、MySQL的开发；<br/>
4.熟悉Spring Boot,Spring Cloud等微服务框架的开发；<br/>
其它福利待遇：<br/>
1. 年底双薪，旅游补贴，提供有竞争力的季度奖；<br/>
2. 免费提供五星级的一日三餐和公寓住宿；<br/>
3. 免费班车接送；<br/>
4. 公司有自己的幼儿园，解决员工子女上学问题；<br/>, expCondition=4, eduCondition=5, salary=15000, reCompanyId=2, tag=微服务框架,web开发框架,Spring Cloud,熟悉Spirng, recruiterId=5, reRealname=王先生, reCompanyPosition=web后台开发工程师, workCity=广州, workAddress=广州黄埔区CVTE第一产业园, postDate=2020-04-12, jobClassesId=2, jobClassesName=null, companyName=视睿科技, companyHeadImg=abc84928faa2a8042e0c2da644949261.jpg, industry=智能硬件, finanCondition=7, sizeCondition=5, companyTags=交通补助,年终奖,零食下午茶,补充医疗保险,通讯补助)]
15:10:28.329 [http-nio-8281-exec-10] INFO  c.l.g.web.JobController - ==========JobResponse(jobId=5, jobName=Java, jobDetail=工作职责：<br/>
1.负责集团内部相关web系统的软件开发的工作；<br/>
2.配合相关的需求分析师了解业务需求并设计技术解决方案；<br/>
3.独立编写项目开发过程中的项目文档；
4. 开发和维护系统平台与框架，发现和解决存在的技术问题，保证系统的性能和稳定性；
任职要求：<br/>
1.计算机类、信息系统类相关专业；<br/>
2.熟悉Java常见web开发框架，如Spring、Mybatis；<br/>
3.熟悉常见数据Oracle、MySQL的开发；<br/>
4.熟悉Spring Boot,Spring Cloud等微服务框架的开发；<br/>
其它福利待遇：<br/>
1. 年底双薪，旅游补贴，提供有竞争力的季度奖；<br/>
2. 免费提供五星级的一日三餐和公寓住宿；<br/>
3. 免费班车接送；<br/>
4. 公司有自己的幼儿园，解决员工子女上学问题；<br/>, expCondition=null, expConditionStr=1-3年, eduCondition=null, eduConditionStr=本科, salary=15000, reCompanyId=2, tagsStr=null, tags=[微服务框架, web开发框架, Spring Cloud, 熟悉Spirng], recruiterId=5, reRealname=王先生, reCompanyPosition=web后台开发工程师, workCity=广州, workAddress=广州黄埔区CVTE第一产业园, postDate=2020-04-12, jobClassesId=2, jobClassesName=null, companyName=视睿科技, companyHeadImg=abc84928faa2a8042e0c2da644949261.jpg, industry=智能硬件, finanConditionStr=已上市, sizeConditionStr=1000-9999人, companyTags=[交通补助, 年终奖, 零食下午茶, 补充医疗保险, 通讯补助], isCollected=1)
15:10:32.100 [http-nio-8281-exec-9] INFO  c.l.g.service.impl.JobServiceImpl - ==========:[ChatResponse(jsId=null, jsRealname=null, jsCollege=null, reId=1, reRealname=一, companyName=null, reCompanyPosition=9, jobId=2, jobName=null, notRead=0), ChatResponse(jsId=null, jsRealname=null, jsCollege=null, reId=6, reRealname=罗先生, companyName=阿里巴巴集团, reCompanyPosition=开发工程师, jobId=6, jobName=null, notRead=0), ChatResponse(jsId=null, jsRealname=null, jsCollege=null, reId=5, reRealname=王先生, companyName=视睿科技, reCompanyPosition=web后台开发工程师, jobId=5, jobName=null, notRead=0)]
15:10:32.102 [http-nio-8281-exec-9] INFO  c.l.g.web.JobController - ===========chatResponse:[ChatResponse(jsId=null, jsRealname=null, jsCollege=null, reId=1, reRealname=一, companyName=null, reCompanyPosition=9, jobId=2, jobName=null, notRead=0), ChatResponse(jsId=null, jsRealname=null, jsCollege=null, reId=6, reRealname=罗先生, companyName=阿里巴巴集团, reCompanyPosition=开发工程师, jobId=6, jobName=null, notRead=0), ChatResponse(jsId=null, jsRealname=null, jsCollege=null, reId=5, reRealname=王先生, companyName=视睿科技, reCompanyPosition=web后台开发工程师, jobId=5, jobName=null, notRead=0)]
15:10:32.163 [http-nio-8281-exec-5] INFO  c.luoxd.graduation_project.WebSocket - 在线的客户：[js-1]
15:10:32.166 [http-nio-8281-exec-10] INFO  c.l.g.web.JobController - =============jsId:1,reId:5,jobId:5
15:10:32.179 [http-nio-8281-exec-5] INFO  c.l.g.service.impl.JobServiceImpl - ==========:[ChatResponse(jsId=null, jsRealname=null, jsCollege=null, reId=1, reRealname=一, companyName=null, reCompanyPosition=9, jobId=2, jobName=null, notRead=0), ChatResponse(jsId=null, jsRealname=null, jsCollege=null, reId=6, reRealname=罗先生, companyName=阿里巴巴集团, reCompanyPosition=开发工程师, jobId=6, jobName=null, notRead=0), ChatResponse(jsId=null, jsRealname=null, jsCollege=null, reId=5, reRealname=王先生, companyName=视睿科技, reCompanyPosition=web后台开发工程师, jobId=5, jobName=null, notRead=0)]
15:10:32.179 [http-nio-8281-exec-5] INFO  c.l.g.web.JobController - ===========chatResponse:[ChatResponse(jsId=null, jsRealname=null, jsCollege=null, reId=1, reRealname=一, companyName=null, reCompanyPosition=9, jobId=2, jobName=null, notRead=0), ChatResponse(jsId=null, jsRealname=null, jsCollege=null, reId=6, reRealname=罗先生, companyName=阿里巴巴集团, reCompanyPosition=开发工程师, jobId=6, jobName=null, notRead=0), ChatResponse(jsId=null, jsRealname=null, jsCollege=null, reId=5, reRealname=王先生, companyName=视睿科技, reCompanyPosition=web后台开发工程师, jobId=5, jobName=null, notRead=0)]
15:10:32.228 [http-nio-8281-exec-10] INFO  c.l.g.service.impl.JobServiceImpl - jobMapper=======jsId:1,reId:5,jobId:5
15:10:32.241 [http-nio-8281-exec-10] INFO  c.l.g.web.JobController - [Chat(chatId=50, jsId=1, jsRealname=88, reId=5, reRealname=王先生, companyName=视睿科技, reCompanyPosition=web后台开发工程师, jobId=5, jobName=Java, chatContent=123456, chatSendTime=2020-05-01 22:46:43, isJsSend=1, isRead=null), Chat(chatId=51, jsId=1, jsRealname=88, reId=5, reRealname=王先生, companyName=视睿科技, reCompanyPosition=web后台开发工程师, jobId=5, jobName=Java, chatContent=5555, chatSendTime=2020-05-01 22:50:06, isJsSend=0, isRead=null), Chat(chatId=52, jsId=1, jsRealname=88, reId=5, reRealname=王先生, companyName=视睿科技, reCompanyPosition=web后台开发工程师, jobId=5, jobName=Java, chatContent=123456, chatSendTime=2020-05-01 22:50:23, isJsSend=0, isRead=null)]
15:10:38.854 [http-nio-8281-exec-10] INFO  c.l.g.web.JobController - SearchRequest(jobId=null, keyword=null, jobClassesId=2, jobClassesName=Java, expCondition=null, eduCondition=null, salCondition=null, finanCondition=null, sizeCondition=null, postDateCondition=null, indexPage=null, totalPage=null, start=null)
15:10:38.858 [http-nio-8281-exec-10] INFO  c.l.g.web.JobController - SearchRequest(jobId=null, keyword=null, jobClassesId=2, jobClassesName=Java, expCondition=null, eduCondition=null, salCondition=null, finanCondition=null, sizeCondition=null, postDateCondition=null, indexPage=1, totalPage=2, start=0)
15:10:38.861 [http-nio-8281-exec-10] INFO  c.l.g.service.impl.JobServiceImpl - ===jobList:[Job(jobId=5, jobName=Java, jobDetail=工作职责：<br/>
1.负责集团内部相关web系统的软件开发的工作；<br/>
2.配合相关的需求分析师了解业务需求并设计技术解决方案；<br/>
3.独立编写项目开发过程中的项目文档；
4. 开发和维护系统平台与框架，发现和解决存在的技术问题，保证系统的性能和稳定性；
任职要求：<br/>
1.计算机类、信息系统类相关专业；<br/>
2.熟悉Java常见web开发框架，如Spring、Mybatis；<br/>
3.熟悉常见数据Oracle、MySQL的开发；<br/>
4.熟悉Spring Boot,Spring Cloud等微服务框架的开发；<br/>
其它福利待遇：<br/>
1. 年底双薪，旅游补贴，提供有竞争力的季度奖；<br/>
2. 免费提供五星级的一日三餐和公寓住宿；<br/>
3. 免费班车接送；<br/>
4. 公司有自己的幼儿园，解决员工子女上学问题；<br/>, expCondition=4, eduCondition=5, salary=15000, reCompanyId=2, tag=微服务框架,web开发框架,Spring Cloud,熟悉Spirng, recruiterId=5, reRealname=王先生, reCompanyPosition=web后台开发工程师, workCity=广州, workAddress=广州黄埔区CVTE第一产业园, postDate=2020-04-12, jobClassesId=2, jobClassesName=null, companyName=视睿科技, companyHeadImg=abc84928faa2a8042e0c2da644949261.jpg, industry=智能硬件, finanCondition=7, sizeCondition=5, companyTags=交通补助,年终奖,零食下午茶,补充医疗保险,通讯补助), Job(jobId=6, jobName=java实习生, jobDetail=【部门介绍】﻿
我们是阿里国际化中台事业部,全球化是阿里巴巴经济体的核心战略之一,也是阿里商业操作系统的重要组成部分。

在阿里有很多的国际化战场,包括东南亚电商Lazada,以及全球卖的速卖通AliExpress,同时还有Daraz等众多电商市场。未来通过中台的能力建设,帮助业务和业务之间更好的互通,实现技术研发的网络与规模效应,收敛国际化业务核心系统链路,确保核心链路的稳定,性能和体验,通过中台更快,更好的支持国际新业务接入以及国内业务出海。

我们的业务遍布全球各个角落,我们的系统涉及到电商的所有核心链路:交易,商品,商家,还有国际的支付,国际的物流,我们的团队有各个办公地点,各个国家的小伙伴,我们的市场和业务之间通过中台的力量也会产生更多的化学反应。﻿﻿﻿

我们的远方是星辰大海,但是我们遇到的挑战也非常巨大,相比较国内成熟的电商环境,友善的政策支持和完善的基础设施,国际化中各个国家的政策,国际化的物流,国际化的支付,海量的用户,全球的时区,语言的障碍,都会对我们的产品和技术产生重大的挑战。 我们需要优秀的你一起加入,共建阿里的国际化中台!﻿﻿

【开放岗位】
java工程师、测试工程师、前端工程师、IOS/Android工程师﻿﻿

【工作地点】杭州or深圳

【岗位要求】
(1)本次招聘面向2020年11月——2021年10月毕业的同学,校招or实习都可以哦~﻿﻿
(2)有强的动手能力和学习能力,熟悉至少一门计算机语言,如JAVA、Python、C++等,熟悉unix或者linux操作系统。 ﻿﻿
(3)具备扎实的计算机专业背景,熟悉数据结构与算法,网络编程,多线程编程,数据库应用开发等。 
P.S. 没有工作经验和项目经验的同学们也不要担心哦,校招看重的是你的学习能力和未来的潜力!﻿﻿

【联系方式】﻿﻿
投递简历请发送到 *****-inc.com
微信: *****************﻿﻿
电话:***********﻿﻿
可直接内推!!!﻿﻿
有任何问题可随时微信or电话骚扰哦~

【写在最后】﻿﻿
If not you, who!﻿﻿﻿
If not now, when!﻿﻿, expCondition=2, eduCondition=5, salary=4000, reCompanyId=3, tag=分布式技术,后端开发,多线程编程,java工程师, recruiterId=6, reRealname=罗先生, reCompanyPosition=开发工程师, workCity=广州, workAddress=广州越秀区阿里巴巴(中国)网络技术有限公司广州分公司, postDate=2020-04-12, jobClassesId=2, jobClassesName=null, companyName=阿里巴巴集团, companyHeadImg=cff98890aeac18b0f4dee3577d92d543be1bd4a3bd2a63f070bdbdada9aad826.jpg, industry=互联网, finanCondition=8, sizeCondition=6, companyTags=五险一金,保险,定期体检,节日福利,年终奖,股票期权)]
15:10:40.285 [http-nio-8281-exec-8] INFO  c.l.g.web.JobController - in========5
15:10:40.290 [http-nio-8281-exec-8] INFO  c.l.g.service.impl.JobServiceImpl - ===jobList:[Job(jobId=5, jobName=Java, jobDetail=工作职责：<br/>
1.负责集团内部相关web系统的软件开发的工作；<br/>
2.配合相关的需求分析师了解业务需求并设计技术解决方案；<br/>
3.独立编写项目开发过程中的项目文档；
4. 开发和维护系统平台与框架，发现和解决存在的技术问题，保证系统的性能和稳定性；
任职要求：<br/>
1.计算机类、信息系统类相关专业；<br/>
2.熟悉Java常见web开发框架，如Spring、Mybatis；<br/>
3.熟悉常见数据Oracle、MySQL的开发；<br/>
4.熟悉Spring Boot,Spring Cloud等微服务框架的开发；<br/>
其它福利待遇：<br/>
1. 年底双薪，旅游补贴，提供有竞争力的季度奖；<br/>
2. 免费提供五星级的一日三餐和公寓住宿；<br/>
3. 免费班车接送；<br/>
4. 公司有自己的幼儿园，解决员工子女上学问题；<br/>, expCondition=4, eduCondition=5, salary=15000, reCompanyId=2, tag=微服务框架,web开发框架,Spring Cloud,熟悉Spirng, recruiterId=5, reRealname=王先生, reCompanyPosition=web后台开发工程师, workCity=广州, workAddress=广州黄埔区CVTE第一产业园, postDate=2020-04-12, jobClassesId=2, jobClassesName=null, companyName=视睿科技, companyHeadImg=abc84928faa2a8042e0c2da644949261.jpg, industry=智能硬件, finanCondition=7, sizeCondition=5, companyTags=交通补助,年终奖,零食下午茶,补充医疗保险,通讯补助)]
15:10:40.296 [http-nio-8281-exec-8] INFO  c.l.g.web.JobController - ==========JobResponse(jobId=5, jobName=Java, jobDetail=工作职责：<br/>
1.负责集团内部相关web系统的软件开发的工作；<br/>
2.配合相关的需求分析师了解业务需求并设计技术解决方案；<br/>
3.独立编写项目开发过程中的项目文档；
4. 开发和维护系统平台与框架，发现和解决存在的技术问题，保证系统的性能和稳定性；
任职要求：<br/>
1.计算机类、信息系统类相关专业；<br/>
2.熟悉Java常见web开发框架，如Spring、Mybatis；<br/>
3.熟悉常见数据Oracle、MySQL的开发；<br/>
4.熟悉Spring Boot,Spring Cloud等微服务框架的开发；<br/>
其它福利待遇：<br/>
1. 年底双薪，旅游补贴，提供有竞争力的季度奖；<br/>
2. 免费提供五星级的一日三餐和公寓住宿；<br/>
3. 免费班车接送；<br/>
4. 公司有自己的幼儿园，解决员工子女上学问题；<br/>, expCondition=null, expConditionStr=1-3年, eduCondition=null, eduConditionStr=本科, salary=15000, reCompanyId=2, tagsStr=null, tags=[微服务框架, web开发框架, Spring Cloud, 熟悉Spirng], recruiterId=5, reRealname=王先生, reCompanyPosition=web后台开发工程师, workCity=广州, workAddress=广州黄埔区CVTE第一产业园, postDate=2020-04-12, jobClassesId=2, jobClassesName=null, companyName=视睿科技, companyHeadImg=abc84928faa2a8042e0c2da644949261.jpg, industry=智能硬件, finanConditionStr=已上市, sizeConditionStr=1000-9999人, companyTags=[交通补助, 年终奖, 零食下午茶, 补充医疗保险, 通讯补助], isCollected=0)
15:11:59.971 [http-nio-8281-exec-1] INFO  c.l.g.web.JobController - in========5
15:11:59.976 [http-nio-8281-exec-1] INFO  c.l.g.service.impl.JobServiceImpl - ===jobList:[Job(jobId=5, jobName=Java, jobDetail=工作职责：<br/>
1.负责集团内部相关web系统的软件开发的工作；<br/>
2.配合相关的需求分析师了解业务需求并设计技术解决方案；<br/>
3.独立编写项目开发过程中的项目文档；
4. 开发和维护系统平台与框架，发现和解决存在的技术问题，保证系统的性能和稳定性；
任职要求：<br/>
1.计算机类、信息系统类相关专业；<br/>
2.熟悉Java常见web开发框架，如Spring、Mybatis；<br/>
3.熟悉常见数据Oracle、MySQL的开发；<br/>
4.熟悉Spring Boot,Spring Cloud等微服务框架的开发；<br/>
其它福利待遇：<br/>
1. 年底双薪，旅游补贴，提供有竞争力的季度奖；<br/>
2. 免费提供五星级的一日三餐和公寓住宿；<br/>
3. 免费班车接送；<br/>
4. 公司有自己的幼儿园，解决员工子女上学问题；<br/>, expCondition=4, eduCondition=5, salary=15000, reCompanyId=2, tag=微服务框架,web开发框架,Spring Cloud,熟悉Spirng, recruiterId=5, reRealname=王先生, reCompanyPosition=web后台开发工程师, workCity=广州, workAddress=广州黄埔区CVTE第一产业园, postDate=2020-04-12, jobClassesId=2, jobClassesName=null, companyName=视睿科技, companyHeadImg=abc84928faa2a8042e0c2da644949261.jpg, industry=智能硬件, finanCondition=7, sizeCondition=5, companyTags=交通补助,年终奖,零食下午茶,补充医疗保险,通讯补助)]
15:11:59.977 [http-nio-8281-exec-1] INFO  c.l.g.web.JobController - ==========JobResponse(jobId=5, jobName=Java, jobDetail=工作职责：<br/>
1.负责集团内部相关web系统的软件开发的工作；<br/>
2.配合相关的需求分析师了解业务需求并设计技术解决方案；<br/>
3.独立编写项目开发过程中的项目文档；
4. 开发和维护系统平台与框架，发现和解决存在的技术问题，保证系统的性能和稳定性；
任职要求：<br/>
1.计算机类、信息系统类相关专业；<br/>
2.熟悉Java常见web开发框架，如Spring、Mybatis；<br/>
3.熟悉常见数据Oracle、MySQL的开发；<br/>
4.熟悉Spring Boot,Spring Cloud等微服务框架的开发；<br/>
其它福利待遇：<br/>
1. 年底双薪，旅游补贴，提供有竞争力的季度奖；<br/>
2. 免费提供五星级的一日三餐和公寓住宿；<br/>
3. 免费班车接送；<br/>
4. 公司有自己的幼儿园，解决员工子女上学问题；<br/>, expCondition=null, expConditionStr=1-3年, eduCondition=null, eduConditionStr=本科, salary=15000, reCompanyId=2, tagsStr=null, tags=[微服务框架, web开发框架, Spring Cloud, 熟悉Spirng], recruiterId=5, reRealname=王先生, reCompanyPosition=web后台开发工程师, workCity=广州, workAddress=广州黄埔区CVTE第一产业园, postDate=2020-04-12, jobClassesId=2, jobClassesName=null, companyName=视睿科技, companyHeadImg=abc84928faa2a8042e0c2da644949261.jpg, industry=智能硬件, finanConditionStr=已上市, sizeConditionStr=1000-9999人, companyTags=[交通补助, 年终奖, 零食下午茶, 补充医疗保险, 通讯补助], isCollected=0)
15:12:06.701 [http-nio-8281-exec-6] INFO  c.l.g.web.UserController - ====username:123456,password:123456,id:js
15:12:08.863 [http-nio-8281-exec-7] INFO  c.l.g.web.JobController - SearchRequest(jobId=null, keyword=null, jobClassesId=2, jobClassesName=Java, expCondition=null, eduCondition=null, salCondition=null, finanCondition=null, sizeCondition=null, postDateCondition=null, indexPage=null, totalPage=null, start=null)
15:12:08.870 [http-nio-8281-exec-7] INFO  c.l.g.web.JobController - SearchRequest(jobId=null, keyword=null, jobClassesId=2, jobClassesName=Java, expCondition=null, eduCondition=null, salCondition=null, finanCondition=null, sizeCondition=null, postDateCondition=null, indexPage=1, totalPage=2, start=0)
15:12:08.872 [http-nio-8281-exec-7] INFO  c.l.g.service.impl.JobServiceImpl - ===jobList:[Job(jobId=5, jobName=Java, jobDetail=工作职责：<br/>
1.负责集团内部相关web系统的软件开发的工作；<br/>
2.配合相关的需求分析师了解业务需求并设计技术解决方案；<br/>
3.独立编写项目开发过程中的项目文档；
4. 开发和维护系统平台与框架，发现和解决存在的技术问题，保证系统的性能和稳定性；
任职要求：<br/>
1.计算机类、信息系统类相关专业；<br/>
2.熟悉Java常见web开发框架，如Spring、Mybatis；<br/>
3.熟悉常见数据Oracle、MySQL的开发；<br/>
4.熟悉Spring Boot,Spring Cloud等微服务框架的开发；<br/>
其它福利待遇：<br/>
1. 年底双薪，旅游补贴，提供有竞争力的季度奖；<br/>
2. 免费提供五星级的一日三餐和公寓住宿；<br/>
3. 免费班车接送；<br/>
4. 公司有自己的幼儿园，解决员工子女上学问题；<br/>, expCondition=4, eduCondition=5, salary=15000, reCompanyId=2, tag=微服务框架,web开发框架,Spring Cloud,熟悉Spirng, recruiterId=5, reRealname=王先生, reCompanyPosition=web后台开发工程师, workCity=广州, workAddress=广州黄埔区CVTE第一产业园, postDate=2020-04-12, jobClassesId=2, jobClassesName=null, companyName=视睿科技, companyHeadImg=abc84928faa2a8042e0c2da644949261.jpg, industry=智能硬件, finanCondition=7, sizeCondition=5, companyTags=交通补助,年终奖,零食下午茶,补充医疗保险,通讯补助), Job(jobId=6, jobName=java实习生, jobDetail=【部门介绍】﻿
我们是阿里国际化中台事业部,全球化是阿里巴巴经济体的核心战略之一,也是阿里商业操作系统的重要组成部分。

在阿里有很多的国际化战场,包括东南亚电商Lazada,以及全球卖的速卖通AliExpress,同时还有Daraz等众多电商市场。未来通过中台的能力建设,帮助业务和业务之间更好的互通,实现技术研发的网络与规模效应,收敛国际化业务核心系统链路,确保核心链路的稳定,性能和体验,通过中台更快,更好的支持国际新业务接入以及国内业务出海。

我们的业务遍布全球各个角落,我们的系统涉及到电商的所有核心链路:交易,商品,商家,还有国际的支付,国际的物流,我们的团队有各个办公地点,各个国家的小伙伴,我们的市场和业务之间通过中台的力量也会产生更多的化学反应。﻿﻿﻿

我们的远方是星辰大海,但是我们遇到的挑战也非常巨大,相比较国内成熟的电商环境,友善的政策支持和完善的基础设施,国际化中各个国家的政策,国际化的物流,国际化的支付,海量的用户,全球的时区,语言的障碍,都会对我们的产品和技术产生重大的挑战。 我们需要优秀的你一起加入,共建阿里的国际化中台!﻿﻿

【开放岗位】
java工程师、测试工程师、前端工程师、IOS/Android工程师﻿﻿

【工作地点】杭州or深圳

【岗位要求】
(1)本次招聘面向2020年11月——2021年10月毕业的同学,校招or实习都可以哦~﻿﻿
(2)有强的动手能力和学习能力,熟悉至少一门计算机语言,如JAVA、Python、C++等,熟悉unix或者linux操作系统。 ﻿﻿
(3)具备扎实的计算机专业背景,熟悉数据结构与算法,网络编程,多线程编程,数据库应用开发等。 
P.S. 没有工作经验和项目经验的同学们也不要担心哦,校招看重的是你的学习能力和未来的潜力!﻿﻿

【联系方式】﻿﻿
投递简历请发送到 *****-inc.com
微信: *****************﻿﻿
电话:***********﻿﻿
可直接内推!!!﻿﻿
有任何问题可随时微信or电话骚扰哦~

【写在最后】﻿﻿
If not you, who!﻿﻿﻿
If not now, when!﻿﻿, expCondition=2, eduCondition=5, salary=4000, reCompanyId=3, tag=分布式技术,后端开发,多线程编程,java工程师, recruiterId=6, reRealname=罗先生, reCompanyPosition=开发工程师, workCity=广州, workAddress=广州越秀区阿里巴巴(中国)网络技术有限公司广州分公司, postDate=2020-04-12, jobClassesId=2, jobClassesName=null, companyName=阿里巴巴集团, companyHeadImg=cff98890aeac18b0f4dee3577d92d543be1bd4a3bd2a63f070bdbdada9aad826.jpg, industry=互联网, finanCondition=8, sizeCondition=6, companyTags=五险一金,保险,定期体检,节日福利,年终奖,股票期权)]
15:12:13.821 [http-nio-8281-exec-9] INFO  c.l.g.web.JobController - SearchRequest(jobId=null, keyword=, jobClassesId=2, jobClassesName=Java, expCondition=null, eduCondition=null, salCondition=null, finanCondition=null, sizeCondition=null, postDateCondition=null, indexPage=2, totalPage=null, start=null)
15:12:13.823 [http-nio-8281-exec-9] INFO  c.l.g.web.JobController - SearchRequest(jobId=null, keyword=, jobClassesId=2, jobClassesName=Java, expCondition=null, eduCondition=null, salCondition=null, finanCondition=null, sizeCondition=null, postDateCondition=null, indexPage=2, totalPage=2, start=2)
15:12:13.825 [http-nio-8281-exec-9] INFO  c.l.g.service.impl.JobServiceImpl - ===jobList:[Job(jobId=4, jobName=Java, jobDetail=工作职责：<br/>
1.负责集团内部相关web系统的软件开发的工作；<br/>
2.配合相关的需求分析师了解业务需求并设计技术解决方案；<br/>
3.独立编写项目开发过程中的项目文档；<br/>
4. 开发和维护系统平台与框架，发现和解决存在的技术问题，保证系统的性能和稳定性；<br/>
任职要求：<br/>
1.计算机类、信息系统类相关专业；<br/>
2.熟悉Java常见web开发框架，如Spring、Mybatis；<br/>
3.熟悉常见数据Oracle、MySQL的开发；<br/>
4.熟悉Spring Boot,Spring Cloud等微服务框架的开发；<br/>
其它福利待遇：<br/>
1. 年底双薪，旅游补贴，提供有竞争力的季度奖；<br/>
2. 免费提供五星级的一日三餐和公寓住宿；<br/>
3. 免费班车接送；<br/>
4. 公司有自己的幼儿园，解决员工子女上学问题；<br/>, expCondition=5, eduCondition=5, salary=15000, reCompanyId=1, tag=后端开发,微服务框架,web开发框架,Spring Cloud, recruiterId=4, reRealname=白先生, reCompanyPosition=web后端java开发工程师, workCity=广州, workAddress=广州黄埔区CVTE第一产业园, postDate=2020-04-11, jobClassesId=2, jobClassesName=null, companyName=视源股份(CVTE), companyHeadImg=f5e9b22249ccbf8c2d105ed25cfd295abe1bd4a3bd2a63f070bdbdada9aad826.jpg, industry=电子/半导体/集成电路, finanCondition=7, sizeCondition=5, companyTags=包吃,交通补助,节日福利,年终奖,零食下午茶,股票期权)]
15:12:15.041 [http-nio-8281-exec-2] INFO  c.l.g.web.JobController - SearchRequest(jobId=null, keyword=, jobClassesId=2, jobClassesName=Java, expCondition=null, eduCondition=null, salCondition=null, finanCondition=null, sizeCondition=null, postDateCondition=null, indexPage=1, totalPage=null, start=null)
15:12:15.051 [http-nio-8281-exec-2] INFO  c.l.g.web.JobController - SearchRequest(jobId=null, keyword=, jobClassesId=2, jobClassesName=Java, expCondition=null, eduCondition=null, salCondition=null, finanCondition=null, sizeCondition=null, postDateCondition=null, indexPage=1, totalPage=2, start=0)
15:12:15.056 [http-nio-8281-exec-2] INFO  c.l.g.service.impl.JobServiceImpl - ===jobList:[Job(jobId=5, jobName=Java, jobDetail=工作职责：<br/>
1.负责集团内部相关web系统的软件开发的工作；<br/>
2.配合相关的需求分析师了解业务需求并设计技术解决方案；<br/>
3.独立编写项目开发过程中的项目文档；
4. 开发和维护系统平台与框架，发现和解决存在的技术问题，保证系统的性能和稳定性；
任职要求：<br/>
1.计算机类、信息系统类相关专业；<br/>
2.熟悉Java常见web开发框架，如Spring、Mybatis；<br/>
3.熟悉常见数据Oracle、MySQL的开发；<br/>
4.熟悉Spring Boot,Spring Cloud等微服务框架的开发；<br/>
其它福利待遇：<br/>
1. 年底双薪，旅游补贴，提供有竞争力的季度奖；<br/>
2. 免费提供五星级的一日三餐和公寓住宿；<br/>
3. 免费班车接送；<br/>
4. 公司有自己的幼儿园，解决员工子女上学问题；<br/>, expCondition=4, eduCondition=5, salary=15000, reCompanyId=2, tag=微服务框架,web开发框架,Spring Cloud,熟悉Spirng, recruiterId=5, reRealname=王先生, reCompanyPosition=web后台开发工程师, workCity=广州, workAddress=广州黄埔区CVTE第一产业园, postDate=2020-04-12, jobClassesId=2, jobClassesName=null, companyName=视睿科技, companyHeadImg=abc84928faa2a8042e0c2da644949261.jpg, industry=智能硬件, finanCondition=7, sizeCondition=5, companyTags=交通补助,年终奖,零食下午茶,补充医疗保险,通讯补助), Job(jobId=6, jobName=java实习生, jobDetail=【部门介绍】﻿
我们是阿里国际化中台事业部,全球化是阿里巴巴经济体的核心战略之一,也是阿里商业操作系统的重要组成部分。

在阿里有很多的国际化战场,包括东南亚电商Lazada,以及全球卖的速卖通AliExpress,同时还有Daraz等众多电商市场。未来通过中台的能力建设,帮助业务和业务之间更好的互通,实现技术研发的网络与规模效应,收敛国际化业务核心系统链路,确保核心链路的稳定,性能和体验,通过中台更快,更好的支持国际新业务接入以及国内业务出海。

我们的业务遍布全球各个角落,我们的系统涉及到电商的所有核心链路:交易,商品,商家,还有国际的支付,国际的物流,我们的团队有各个办公地点,各个国家的小伙伴,我们的市场和业务之间通过中台的力量也会产生更多的化学反应。﻿﻿﻿

我们的远方是星辰大海,但是我们遇到的挑战也非常巨大,相比较国内成熟的电商环境,友善的政策支持和完善的基础设施,国际化中各个国家的政策,国际化的物流,国际化的支付,海量的用户,全球的时区,语言的障碍,都会对我们的产品和技术产生重大的挑战。 我们需要优秀的你一起加入,共建阿里的国际化中台!﻿﻿

【开放岗位】
java工程师、测试工程师、前端工程师、IOS/Android工程师﻿﻿

【工作地点】杭州or深圳

【岗位要求】
(1)本次招聘面向2020年11月——2021年10月毕业的同学,校招or实习都可以哦~﻿﻿
(2)有强的动手能力和学习能力,熟悉至少一门计算机语言,如JAVA、Python、C++等,熟悉unix或者linux操作系统。 ﻿﻿
(3)具备扎实的计算机专业背景,熟悉数据结构与算法,网络编程,多线程编程,数据库应用开发等。 
P.S. 没有工作经验和项目经验的同学们也不要担心哦,校招看重的是你的学习能力和未来的潜力!﻿﻿

【联系方式】﻿﻿
投递简历请发送到 *****-inc.com
微信: *****************﻿﻿
电话:***********﻿﻿
可直接内推!!!﻿﻿
有任何问题可随时微信or电话骚扰哦~

【写在最后】﻿﻿
If not you, who!﻿﻿﻿
If not now, when!﻿﻿, expCondition=2, eduCondition=5, salary=4000, reCompanyId=3, tag=分布式技术,后端开发,多线程编程,java工程师, recruiterId=6, reRealname=罗先生, reCompanyPosition=开发工程师, workCity=广州, workAddress=广州越秀区阿里巴巴(中国)网络技术有限公司广州分公司, postDate=2020-04-12, jobClassesId=2, jobClassesName=null, companyName=阿里巴巴集团, companyHeadImg=cff98890aeac18b0f4dee3577d92d543be1bd4a3bd2a63f070bdbdada9aad826.jpg, industry=互联网, finanCondition=8, sizeCondition=6, companyTags=五险一金,保险,定期体检,节日福利,年终奖,股票期权)]
15:13:03.904 [http-nio-8281-exec-8] INFO  c.l.g.web.UserController - ====username:123456,password:123456,id:js
