09:33:24.944 [http-nio-8281-exec-4] INFO  c.l.g.service.impl.JobServiceImpl - ===jobList:[Job(jobId=4, jobName=Java, jobDetail=工作职责：
1.负责集团内部相关web系统的软件开发的工作；
2.配合相关的需求分析师了解业务需求并设计技术解决方案；
3.独立编写项目开发过程中的项目文档；
4. 开发和维护系统平台与框架，发现和解决存在的技术问题，保证系统的性能和稳定性；

任职要求：
1.计算机类、信息系统类相关专业；
2.熟悉Java常见web开发框架，如Spring、Mybatis；
3.熟悉常见数据Oracle、MySQL的开发；
4.熟悉Spring Boot,Spring Cloud等微服务框架的开发；

其它福利待遇：
1. 年底双薪，旅游补贴，提供有竞争力的季度奖；
2. 免费提供五星级的一日三餐和公寓住宿；
3. 免费班车接送；
4. 公司有自己的幼儿园，解决员工子女上学问题；, expCondition=5, eduCondition=5, salary=15000, reCompanyId=1, tag=后端开发,微服务框架,web开发框架,Spring Cloud, recruiterId=4, reRealname=白先生, reHeadImg=null, reCompanyPosition=web后端java开发工程师, workCity=广州, workAddress=广州黄埔区CVTE第一产业园, postDate=2020-04-11, jobClassesId=2, jobClassesName=Java, companyName=视源股份(CVTE), companyHeadImg=f5e9b22249ccbf8c2d105ed25cfd295abe1bd4a3bd2a63f070bdbdada9aad826.jpg, companyDetail=广州视源（简称CVTE）成立于2005年12月，A股上市公司。
CVTE的产品技术广泛应用在生活、教育、企业、医疗等多个领域：每年全球在售电视机约有三分之一在使用CVTE提供的核心部件，中国学校每七间教室至少一间在用希沃（seewo）上课，企业会议室在用MAXHUB开会，医院病房在用希科（XICOO）的医疗产品……从创立至今，CVTE始终致力于提升电子产品的互动体验，为用户提供更加丰富、高效的沟通方式。
了解更多详情请至视源股份官网：www.cvte.com, industry=电子/半导体/集成电路, finanCondition=7, sizeCondition=5, companyTags=包吃,交通补助,节日福利,年终奖,零食下午茶,股票期权), Job(jobId=6, jobName=java实习生, jobDetail=【部门介绍】﻿
我们是阿里国际化中台事业部,全球化是阿里巴巴经济体的核心战略之一,也是阿里商业操作系统的重要组成部分。

在阿里有很多的国际化战场,包括东南亚电商Lazada,以及全球卖的速卖通AliExpress,同时还有Daraz等众多电商市场。未来通过中台的能力建设,帮助业务和业务之间更好的互通,实现技术研发的网络与规模效应,收敛国际化业务核心系统链路,确保核心链路的稳定,性能和体验,通过中台更快,更好的支持国际新业务接入以及国内业务出海。

我们的业务遍布全球各个角落,我们的系统涉及到电商的所有核心链路:交易,商品,商家,还有国际的支付,国际的物流,我们的团队有各个办公地点,各个国家的小伙伴,我们的市场和业务之间通过中台的力量也会产生更多的化学反应。﻿﻿﻿

我们的远方是星辰大海,但是我们遇到的挑战也非常巨大,相比较国内成熟的电商环境,友善的政策支持和完善的基础设施,国际化中各个国家的政策,国际化的物流,国际化的支付,海量的用户,全球的时区,语言的障碍,都会对我们的产品和技术产生重大的挑战。 我们需要优秀的你一起加入,共建阿里的国际化中台!﻿﻿

【开放岗位】
java工程师、测试工程师、前端工程师、IOS/Android工程师﻿﻿

【工作地点】杭州or深圳

【岗位要求】
(1)本次招聘面向2020年11月——2021年10月毕业的同学,校招or实习都可以哦~﻿﻿
(2)有强的动手能力和学习能力,熟悉至少一门计算机语言,如JAVA、Python、C++等,熟悉unix或者linux操作系统。 ﻿﻿
(3)具备扎实的计算机专业背景,熟悉数据结构与算法,网络编程,多线程编程,数据库应用开发等。 
P.S. 没有工作经验和项目经验的同学们也不要担心哦,校招看重的是你的学习能力和未来的潜力!﻿﻿

【联系方式】﻿﻿
投递简历请发送到 *****-inc.com
微信: *****************﻿﻿
电话:***********﻿﻿
可直接内推!!!﻿﻿
有任何问题可随时微信or电话骚扰哦~

【写在最后】﻿﻿
If not you, who!﻿﻿﻿
If not now, when!﻿﻿, expCondition=2, eduCondition=5, salary=4000, reCompanyId=3, tag=分布式技术,后端开发,多线程编程,java工程师, recruiterId=6, reRealname=罗先生, reHeadImg=null, reCompanyPosition=开发工程师, workCity=广州, workAddress=广州越秀区阿里巴巴(中国)网络技术有限公司广州分公司, postDate=2020-04-12, jobClassesId=2, jobClassesName=Java, companyName=阿里巴巴集团, companyHeadImg=cff98890aeac18b0f4dee3577d92d543be1bd4a3bd2a63f070bdbdada9aad826.jpg, companyDetail=阿里巴巴集团的使命是让天下没有难做的生意。
我们旨在赋能企业改变营销、销售和经营的方式。我们为商家、品牌及其他企业提供基本的互联网基础设施以及营销平台，让其可借助互联网的力量与用户和客户互动。我们的业务包括核心电商、云计算、数字媒体和娱乐以及创新项目和其他业务。我们并通过子公司菜鸟网络及所投资的关联公司口碑，参与物流和本地服务行业，同时与蚂蚁金融服务集团有战略合作，该金融服务集团主要通过中国领先的第三方网上支付平台支付宝运营。

我们的愿景
我们旨在构建未来的商务生态系统。我们的愿景是让客户相会、工作和生活在阿里巴巴，并持续发展最少102年。, industry=互联网, finanCondition=8, sizeCondition=6, companyTags=五险一金,保险,定期体检,节日福利,年终奖,股票期权), Job(jobId=8, jobName=Web开发 实习工程师 , jobDetail=岗位内容：
根据产品需求，完成前端UI和后端业务逻辑的设计和实现。

岗位要求：
1、基础素质：
大学本科或以上学历，计算机相关专业；
为人正直负责，具有良好的沟通能力和团队精神；
有强烈的学习意愿、较强的自学能力和逻辑分析能力，能够独立分析并解决问题，能承受较大的压力。
2、专业技能：
掌握数据结构以及常用算法，熟悉Linux操作系统；
熟悉前端研发相关语言或技术，如JavaScript、框架Angular/Vue等；
掌握后端研发相关语言或技术，如PHP/Java/Python/Go等。
3、时间要求：
需要能进行连续6个月以上的实习。, expCondition=1, eduCondition=5, salary=2800, reCompanyId=3, tag=javascript,前端ui,php,web开发,java, recruiterId=6, reRealname=罗先生, reHeadImg=null, reCompanyPosition=开发工程师, workCity=广州, workAddress=广州市 天河区 粤和楼, postDate=2020-04-18, jobClassesId=80, jobClassesName=web前端, companyName=阿里巴巴集团, companyHeadImg=cff98890aeac18b0f4dee3577d92d543be1bd4a3bd2a63f070bdbdada9aad826.jpg, companyDetail=阿里巴巴集团的使命是让天下没有难做的生意。
我们旨在赋能企业改变营销、销售和经营的方式。我们为商家、品牌及其他企业提供基本的互联网基础设施以及营销平台，让其可借助互联网的力量与用户和客户互动。我们的业务包括核心电商、云计算、数字媒体和娱乐以及创新项目和其他业务。我们并通过子公司菜鸟网络及所投资的关联公司口碑，参与物流和本地服务行业，同时与蚂蚁金融服务集团有战略合作，该金融服务集团主要通过中国领先的第三方网上支付平台支付宝运营。

我们的愿景
我们旨在构建未来的商务生态系统。我们的愿景是让客户相会、工作和生活在阿里巴巴，并持续发展最少102年。, industry=互联网, finanCondition=8, sizeCondition=6, companyTags=五险一金,保险,定期体检,节日福利,年终奖,股票期权), Job(jobId=14, jobName=PHP实习生, jobDetail=岗位要求
1.熟悉php，熟悉某一框架，laravel优先，一年以上有实际PHP开发项目经验者优先;
2.熟悉html、css、js，可独立写一些简单前端;
3.熟练应用MySql，熟悉HTTP协议、熟悉GIT\SVN，熟悉接口开发者优先；
4.加分项：熟悉linux系统、数据结构、算法，熟悉B2B业务优先；
5.具有数据库设计和优化能力，至少了解一种常用nosql系统（redis、mongodb等）
希望你
1、有较强的自我驱动能力，学习、执行能力强，对自己有高技术要求；
2、具有较好的沟通交流能力，能够迅速融入团队，具有良好的时间和流程意识；
3、本科及以上学历，大三&研二学生优先，985.211优先
4、每周工作4-5天，实习时间不少于6个月，必须计算机相关专业；
5、实习期满可转为正式员工，五险一金齐全,带薪年假, expCondition=1, eduCondition=5, salary=2500, reCompanyId=5, tag=JavaScript,CSS,Laravel,NoSQL,熟悉PHP, recruiterId=8, reRealname=高女士, reHeadImg=null, reCompanyPosition=HR, workCity=广州, workAddress=广州海珠区保利·天幕广场, postDate=2020-05-01, jobClassesId=4, jobClassesName=PHP, companyName=远信控股有限公司, companyHeadImg=c7de0cb6d1b20b8a8088461a061af90438349fe5f8a8f03f3e53cfa1818e8459_s.jpg, companyDetail=远信集团成立于2005年3月，坐落于广州地标性建筑-保利·天幕广场，集研发、生产、销售、服务于一体的综合性科技型美业集团，致力于打造美业生态链，集团官网：http://www.lansee.net，集团业务包含以下三大模块：

一、远想（医美模块）
1）伊肤泉——引领医美未来，成为行业翘楚，官网：http://www.evech.com
2）瑞恩诗——北欧女神针，活肌聚能素
3）仙诺德——童颜水凝针，初老回颜术
4）柚伊俏——为广大爱美女生提供轻奢、潮流的医疗美容定制服务
5）翊品——开启中国医美，线性微整新纪元
6）妈妈的爱EPT ——源于自体，追求自然、安全

二、柚子舍（零售电商模块）
1）柚子舍——打造高品质的柚子个人护理，成为一种健康时尚生活方式，天猫店链接：http://youzishe.tmall.com
2）无敏氏——成为敏感肌护理NO.1，淘宝店链接：https://shop542692300.taobao.com
3）高小湿——致力成为简单高浓的国货典范，淘宝店链接：：https://shop434383976.taobao.com
4）伊肤泉TP ——线上“医美级”护肤品领导者，天猫店：https://evecharm.tmall.com，淘宝店链接：https://shop130448421.taobao.com

三、俏猫（美业O2O模块）
1）俏猫APP ——改变人们获得美容服务的模式，成为上门美业O2O的领导者
2）美星社——中国轻医美第一微创业服务平台，微信公众号“美星社”
3）中国化妆师联合会(CMA) ——大中华地区首个以化妆师为行业主体的化妆行业组织, industry=医疗/护理/卫生, finanCondition=8, sizeCondition=4, companyTags=零食下午茶,五险一金,节日福利,定期体检,交通补助), Job(jobId=15, jobName=PHP, jobDetail=本科以上学历，计算机软件或相关专业；
3年及以上PHP后端开发工作经验；
熟悉jQuery、BootStrap等前端框架，能完成Web前端相关的开发；
熟悉Linux、Unix等操作系统，能熟练进行各种Shell命令和编程；
熟悉MySQL、Redis等数据库，能够按需求完成高性能数据库设计；
熟悉swoole有高并发量活动开发经验；
良好的沟通能力，能主动分析和解决问题，喜欢钻研新技术，有责任心，正直进取
有游戏运营开发经验者优先考虑；
岗位职责：
负责英雄联盟官网系统的前后端程序的开发和维护；
负责英雄联盟Web营销活动系统的开发和维护；
负责其他周边系统的开发和维护。, expCondition=5, eduCondition=5, salary=20000, reCompanyId=6, tag=Golang,Swoole,Shell命令,熟悉jQuery,数据库设计, recruiterId=9, reRealname=王先生, reHeadImg=null, reCompanyPosition=高级开发工程师, workCity=上海 徐汇区, workAddress=上海徐汇区上海腾讯大厦, postDate=2020-05-01, jobClassesId=4, jobClassesName=PHP, companyName=腾讯互娱, companyHeadImg=1361c7e773d91b4c5f26ba77191240b72bb49293506fad83456d2dd00e946cfe.png, companyDetail=腾讯互动娱乐，全球领先的综合互动娱乐服务品牌，旗下涵盖腾讯游戏、腾讯文学、腾讯动漫等多个互动娱乐业务平台，致力为用户提供包括网络游戏、文学、动漫、戏剧、影视等在内的多元化、高品质综合互动娱乐体验。立足“泛娱乐”战略，腾讯互动娱乐持续基于互联网与移动互联网的多领域共生，打造明星IP（知识产权，Intellectual Property）的粉丝经济，全面拥抱互动娱乐新时代，让想象绽放！！, industry=游戏, finanCondition=8, sizeCondition=6, companyTags=五险一金,补充医疗保险,定期体检,全勤奖,年终奖,股票期权,带薪年假,员工旅游), Job(jobId=16, jobName=算法工程师, jobDetail=岗位职责：
1、负责GPU上图像和视频处理算法的开发；
2、目标检测、定位、跟踪与识别等计算机视觉算法的设计与开发；
3、使用GPU编程工具对算法进行加速；
4、根据公司流程撰写设计文档。
任职要求：
1、本科及以上学历，计算机、数学等相关专业，3年及以上图像处理工作经验；
2、精通C/C++等编程语言，熟悉Linux程序开发，有多线程、多进程编程经验；
3、熟悉常用特征提取方法：Haar、Gabor、LBP、SIFT、HOG等；
4、有人脸识别、物体检测/识别等相关项目经验者优先；
5、熟悉OpenCV、CUDA、OpenCL等图像处理软件包者优先；
6、熟悉深度学习理论框架，精通Tensorflow、Caffe等其中一种深度学习开源框架。, expCondition=5, eduCondition=5, salary=25000, reCompanyId=7, tag=语音识别,人脸识别,视频算法,CUDA,目标检测, recruiterId=11, reRealname= 李女士, reHeadImg=null, reCompanyPosition=HR, workCity=广州, workAddress=广州海珠区琶洲蟠龙新街3号11栋31层, postDate=2020-05-03, jobClassesId=20, jobClassesName=算法工程师, companyName=三盟科技, companyHeadImg=08405ab72ce30b0b622cbacd142402a698a9df6c0aff0d9528ba0f075bb9ee35.jpg, companyDetail=公司简介
三盟科技股份有限公司(简称三盟科技) 总部位于广州，注册资本7199.216万，是一家专注教育，专注大数据、人工智能、人脸识别、物联网等新一代信息技术自主研发与应用创新的教育高科技企业。
在技术创新方面，三盟科技一直秉持着“专注教育，专注新一代信息技术应用创新品牌包括物联网技术系列产品、大数据技术系列产品、人脸识别技术系列产品、人工智能技术系列产品、云计算技术系列产品、AIoBE基础教育系列产品、智能硬件AIoH系列产产品系列。, industry=计算机软件, finanCondition=7, sizeCondition=4, companyTags=五险一金,补充医疗保险,定期体检,带薪年假,员工旅游,节日福利,零食下午茶)]
